mode: set
github.com/groovarr/groovarr/backend/main.go:29.13,37.47 5 0
github.com/groovarr/groovarr/backend/main.go:37.47,39.3 1 0
github.com/groovarr/groovarr/backend/main.go:40.2,55.78 8 0
github.com/groovarr/groovarr/backend/main.go:55.78,56.77 1 0
github.com/groovarr/groovarr/backend/main.go:56.77,59.4 2 0
github.com/groovarr/groovarr/backend/main.go:60.3,60.120 1 0
github.com/groovarr/groovarr/backend/main.go:60.120,63.4 2 0
github.com/groovarr/groovarr/backend/main.go:64.3,64.22 1 0
github.com/groovarr/groovarr/backend/main.go:66.2,79.78 14 0
github.com/groovarr/groovarr/backend/main.go:79.78,81.3 1 0
github.com/groovarr/groovarr/backend/main.go:84.2,84.79 1 0
github.com/groovarr/groovarr/backend/main.go:84.79,85.69 1 0
github.com/groovarr/groovarr/backend/main.go:85.69,88.4 2 0
github.com/groovarr/groovarr/backend/main.go:89.3,89.48 1 0
github.com/groovarr/groovarr/backend/main.go:89.48,90.22 1 0
github.com/groovarr/groovarr/backend/main.go:91.24,94.11 3 0
github.com/groovarr/groovarr/backend/main.go:97.3,97.30 1 0
github.com/groovarr/groovarr/backend/main.go:100.2,116.43 5 0
github.com/groovarr/groovarr/backend/main.go:116.43,117.55 1 0
github.com/groovarr/groovarr/backend/main.go:117.55,118.56 1 0
github.com/groovarr/groovarr/backend/main.go:118.56,120.5 1 0
github.com/groovarr/groovarr/backend/main.go:121.9,123.4 1 0
github.com/groovarr/groovarr/backend/main.go:127.2,127.36 1 0
github.com/groovarr/groovarr/backend/main.go:127.36,129.3 1 0
github.com/groovarr/groovarr/backend/main.go:132.2,136.12 3 0
github.com/groovarr/groovarr/backend/main.go:136.12,138.77 2 0
github.com/groovarr/groovarr/backend/main.go:138.77,140.4 1 0
github.com/groovarr/groovarr/backend/main.go:144.2,153.23 8 0
github.com/groovarr/groovarr/backend/main.go:153.23,155.3 1 0
github.com/groovarr/groovarr/backend/main.go:156.2,156.42 1 0
github.com/groovarr/groovarr/backend/main.go:156.42,158.3 1 0
github.com/groovarr/groovarr/backend/main.go:160.2,160.33 1 0
github.com/groovarr/groovarr/backend/main.go:164.53,165.71 1 0
github.com/groovarr/groovarr/backend/main.go:165.71,169.37 4 0
github.com/groovarr/groovarr/backend/main.go:169.37,172.4 2 0
github.com/groovarr/groovarr/backend/main.go:173.3,173.23 1 0
github.com/groovarr/groovarr/backend/internal/api/auth.go:13.53,14.71 1 0
github.com/groovarr/groovarr/backend/internal/api/auth.go:14.71,16.46 1 0
github.com/groovarr/groovarr/backend/internal/api/auth.go:16.46,19.4 2 0
github.com/groovarr/groovarr/backend/internal/api/auth.go:22.3,23.17 2 0
github.com/groovarr/groovarr/backend/internal/api/auth.go:23.17,28.4 3 0
github.com/groovarr/groovarr/backend/internal/api/auth.go:31.3,32.45 2 0
github.com/groovarr/groovarr/backend/internal/api/auth.go:32.45,36.4 3 0
github.com/groovarr/groovarr/backend/internal/api/auth.go:38.3,39.17 2 0
github.com/groovarr/groovarr/backend/internal/api/auth.go:39.17,43.4 3 0
github.com/groovarr/groovarr/backend/internal/api/auth.go:45.3,46.21 2 0
github.com/groovarr/groovarr/backend/internal/api/auth.go:46.21,50.4 3 0
github.com/groovarr/groovarr/backend/internal/api/auth.go:52.3,57.55 4 0
github.com/groovarr/groovarr/backend/internal/api/auth.go:57.55,61.4 2 0
github.com/groovarr/groovarr/backend/internal/api/auth.go:63.3,63.67 1 0
github.com/groovarr/groovarr/backend/internal/api/auth.go:63.67,67.4 3 0
github.com/groovarr/groovarr/backend/internal/api/auth.go:69.3,69.23 1 0
github.com/groovarr/groovarr/backend/internal/api/handlers.go:16.60,17.18 1 0
github.com/groovarr/groovarr/backend/internal/api/handlers.go:18.22,20.17 2 0
github.com/groovarr/groovarr/backend/internal/api/handlers.go:20.17,23.4 2 0
github.com/groovarr/groovarr/backend/internal/api/handlers.go:24.3,25.37 2 0
github.com/groovarr/groovarr/backend/internal/api/handlers.go:27.23,32.62 2 0
github.com/groovarr/groovarr/backend/internal/api/handlers.go:32.62,35.4 2 0
github.com/groovarr/groovarr/backend/internal/api/handlers.go:36.3,36.21 1 0
github.com/groovarr/groovarr/backend/internal/api/handlers.go:36.21,39.4 2 0
github.com/groovarr/groovarr/backend/internal/api/handlers.go:40.3,42.17 3 0
github.com/groovarr/groovarr/backend/internal/api/handlers.go:42.17,45.4 2 0
github.com/groovarr/groovarr/backend/internal/api/handlers.go:46.3,47.17 2 0
github.com/groovarr/groovarr/backend/internal/api/handlers.go:47.17,50.4 2 0
github.com/groovarr/groovarr/backend/internal/api/handlers.go:51.3,52.36 2 0
github.com/groovarr/groovarr/backend/internal/api/handlers.go:54.25,58.62 2 0
github.com/groovarr/groovarr/backend/internal/api/handlers.go:58.62,61.4 2 0
github.com/groovarr/groovarr/backend/internal/api/handlers.go:62.3,62.21 1 0
github.com/groovarr/groovarr/backend/internal/api/handlers.go:62.21,65.4 2 0
github.com/groovarr/groovarr/backend/internal/api/handlers.go:66.3,67.34 2 0
github.com/groovarr/groovarr/backend/internal/api/handlers.go:67.34,70.4 2 0
github.com/groovarr/groovarr/backend/internal/api/handlers.go:71.3,71.55 1 0
github.com/groovarr/groovarr/backend/internal/api/handlers.go:71.55,74.4 2 0
github.com/groovarr/groovarr/backend/internal/api/handlers.go:75.3,75.31 1 0
github.com/groovarr/groovarr/backend/internal/api/handlers.go:77.10,78.67 1 0
github.com/groovarr/groovarr/backend/internal/api/handlers.go:83.65,88.2 2 0
github.com/groovarr/groovarr/backend/internal/api/handlers.go:91.60,97.2 2 0
github.com/groovarr/groovarr/backend/internal/api/handlers.go:101.61,104.16 3 0
github.com/groovarr/groovarr/backend/internal/api/handlers.go:104.16,105.36 1 0
github.com/groovarr/groovarr/backend/internal/api/handlers.go:105.36,107.4 1 0
github.com/groovarr/groovarr/backend/internal/api/handlers.go:108.3,109.9 2 0
github.com/groovarr/groovarr/backend/internal/api/handlers.go:111.2,112.16 2 0
github.com/groovarr/groovarr/backend/internal/api/handlers.go:112.16,115.3 2 0
github.com/groovarr/groovarr/backend/internal/api/handlers.go:116.2,117.36 2 0
github.com/groovarr/groovarr/backend/internal/api/handlers.go:121.62,124.16 3 0
github.com/groovarr/groovarr/backend/internal/api/handlers.go:124.16,125.36 1 0
github.com/groovarr/groovarr/backend/internal/api/handlers.go:125.36,127.4 1 0
github.com/groovarr/groovarr/backend/internal/api/handlers.go:128.3,129.9 2 0
github.com/groovarr/groovarr/backend/internal/api/handlers.go:131.2,132.16 2 0
github.com/groovarr/groovarr/backend/internal/api/handlers.go:132.16,135.3 2 0
github.com/groovarr/groovarr/backend/internal/api/handlers.go:136.2,137.37 2 0
github.com/groovarr/groovarr/backend/internal/api/handlers.go:143.59,149.44 4 0
github.com/groovarr/groovarr/backend/internal/api/handlers.go:149.45,152.3 0 0
github.com/groovarr/groovarr/backend/internal/api/handlers.go:154.2,155.16 2 0
github.com/groovarr/groovarr/backend/internal/api/handlers.go:155.16,158.3 2 0
github.com/groovarr/groovarr/backend/internal/api/handlers.go:162.2,163.11 2 0
github.com/groovarr/groovarr/backend/internal/api/handlers.go:163.11,169.15 6 0
github.com/groovarr/groovarr/backend/internal/api/handlers.go:169.15,171.29 2 0
github.com/groovarr/groovarr/backend/internal/api/handlers.go:171.29,178.5 1 0
github.com/groovarr/groovarr/backend/internal/api/handlers.go:179.4,179.43 1 0
github.com/groovarr/groovarr/backend/internal/api/handlers.go:179.43,179.87 1 0
github.com/groovarr/groovarr/backend/internal/api/handlers.go:180.4,181.14 2 0
github.com/groovarr/groovarr/backend/internal/api/handlers.go:181.14,183.5 1 0
github.com/groovarr/groovarr/backend/internal/api/handlers.go:183.10,185.5 1 0
github.com/groovarr/groovarr/backend/internal/api/handlers.go:186.4,186.14 1 0
github.com/groovarr/groovarr/backend/internal/api/handlers.go:186.14,188.5 1 0
github.com/groovarr/groovarr/backend/internal/api/handlers.go:190.3,196.4 1 0
github.com/groovarr/groovarr/backend/internal/api/handlers.go:199.2,201.33 3 0
github.com/groovarr/groovarr/backend/internal/api/handlers.go:226.58,229.16 3 0
github.com/groovarr/groovarr/backend/internal/api/handlers.go:229.16,232.3 2 0
github.com/groovarr/groovarr/backend/internal/api/handlers.go:233.2,234.36 2 0
github.com/groovarr/groovarr/backend/internal/api/handlers.go:238.59,242.16 4 0
github.com/groovarr/groovarr/backend/internal/api/handlers.go:242.16,245.3 2 0
github.com/groovarr/groovarr/backend/internal/api/handlers.go:246.2,247.36 2 0
github.com/groovarr/groovarr/backend/internal/api/handlers.go:251.62,252.18 1 0
github.com/groovarr/groovarr/backend/internal/api/handlers.go:253.22,255.16 2 0
github.com/groovarr/groovarr/backend/internal/api/handlers.go:255.16,258.4 2 0
github.com/groovarr/groovarr/backend/internal/api/handlers.go:259.3,261.73 3 0
github.com/groovarr/groovarr/backend/internal/api/handlers.go:262.23,267.62 2 0
github.com/groovarr/groovarr/backend/internal/api/handlers.go:267.62,270.4 2 0
github.com/groovarr/groovarr/backend/internal/api/handlers.go:271.3,271.65 1 0
github.com/groovarr/groovarr/backend/internal/api/handlers.go:271.65,274.4 2 0
github.com/groovarr/groovarr/backend/internal/api/handlers.go:276.3,276.42 1 0
github.com/groovarr/groovarr/backend/internal/api/handlers.go:276.42,277.19 1 0
github.com/groovarr/groovarr/backend/internal/api/handlers.go:280.57,281.25 1 0
github.com/groovarr/groovarr/backend/internal/api/handlers.go:284.3,285.83 2 0
github.com/groovarr/groovarr/backend/internal/api/handlers.go:286.10,287.67 1 0
github.com/groovarr/groovarr/backend/internal/api/handlers.go:295.58,300.33 4 0
github.com/groovarr/groovarr/backend/internal/api/handlers.go:300.33,303.3 2 0
github.com/groovarr/groovarr/backend/internal/api/handlers.go:305.2,306.28 2 0
github.com/groovarr/groovarr/backend/internal/api/handlers.go:306.28,309.3 2 0
github.com/groovarr/groovarr/backend/internal/api/handlers.go:311.2,311.18 1 0
github.com/groovarr/groovarr/backend/internal/api/handlers.go:312.22,319.5 3 0
github.com/groovarr/groovarr/backend/internal/api/handlers.go:320.23,321.18 1 0
github.com/groovarr/groovarr/backend/internal/api/handlers.go:321.18,324.4 2 0
github.com/groovarr/groovarr/backend/internal/api/handlers.go:325.3,325.68 1 0
github.com/groovarr/groovarr/backend/internal/api/handlers.go:325.68,328.4 2 0
github.com/groovarr/groovarr/backend/internal/api/handlers.go:329.3,329.31 1 0
github.com/groovarr/groovarr/backend/internal/api/handlers.go:330.25,331.18 1 0
github.com/groovarr/groovarr/backend/internal/api/handlers.go:331.18,334.4 2 0
github.com/groovarr/groovarr/backend/internal/api/handlers.go:335.3,335.68 1 0
github.com/groovarr/groovarr/backend/internal/api/handlers.go:335.68,338.4 2 0
github.com/groovarr/groovarr/backend/internal/api/handlers.go:339.3,339.31 1 0
github.com/groovarr/groovarr/backend/internal/api/handlers.go:340.10,341.67 1 0
github.com/groovarr/groovarr/backend/internal/api/handlers.go:346.68,348.16 2 0
github.com/groovarr/groovarr/backend/internal/api/handlers.go:348.16,351.3 2 0
github.com/groovarr/groovarr/backend/internal/api/handlers.go:352.2,353.36 2 0
github.com/groovarr/groovarr/backend/internal/api/hit_fallen.go:31.63,32.32 1 0
github.com/groovarr/groovarr/backend/internal/api/hit_fallen.go:32.32,35.3 2 0
github.com/groovarr/groovarr/backend/internal/api/hit_fallen.go:37.2,38.46 2 0
github.com/groovarr/groovarr/backend/internal/api/hit_fallen.go:38.46,39.65 1 0
github.com/groovarr/groovarr/backend/internal/api/hit_fallen.go:39.65,41.4 1 0
github.com/groovarr/groovarr/backend/internal/api/hit_fallen.go:44.2,52.16 2 0
github.com/groovarr/groovarr/backend/internal/api/hit_fallen.go:52.16,55.3 2 0
github.com/groovarr/groovarr/backend/internal/api/hit_fallen.go:56.2,69.18 4 0
github.com/groovarr/groovarr/backend/internal/api/hit_fallen.go:69.18,71.131 2 0
github.com/groovarr/groovarr/backend/internal/api/hit_fallen.go:71.131,74.4 2 0
github.com/groovarr/groovarr/backend/internal/api/hit_fallen.go:75.3,75.23 1 0
github.com/groovarr/groovarr/backend/internal/api/hit_fallen.go:77.2,77.35 1 0
github.com/groovarr/groovarr/backend/internal/api/hit_fallen.go:77.35,80.3 2 0
github.com/groovarr/groovarr/backend/internal/api/hit_fallen.go:83.2,84.24 2 0
github.com/groovarr/groovarr/backend/internal/api/hit_fallen.go:84.24,98.3 2 0
github.com/groovarr/groovarr/backend/internal/api/hit_fallen.go:100.2,101.68 2 0
github.com/groovarr/groovarr/backend/internal/api/import.go:38.66,39.32 1 0
github.com/groovarr/groovarr/backend/internal/api/import.go:39.32,42.3 2 0
github.com/groovarr/groovarr/backend/internal/api/import.go:44.2,46.16 3 0
github.com/groovarr/groovarr/backend/internal/api/import.go:46.16,47.36 1 0
github.com/groovarr/groovarr/backend/internal/api/import.go:47.36,49.4 1 0
github.com/groovarr/groovarr/backend/internal/api/import.go:50.3,51.9 2 0
github.com/groovarr/groovarr/backend/internal/api/import.go:55.2,57.29 3 0
github.com/groovarr/groovarr/backend/internal/api/import.go:57.29,59.3 1 0
github.com/groovarr/groovarr/backend/internal/api/import.go:62.2,64.33 3 0
github.com/groovarr/groovarr/backend/internal/api/import.go:64.33,66.3 1 0
github.com/groovarr/groovarr/backend/internal/api/import.go:69.2,70.16 2 0
github.com/groovarr/groovarr/backend/internal/api/import.go:70.16,73.3 2 0
github.com/groovarr/groovarr/backend/internal/api/import.go:76.2,78.36 3 0
github.com/groovarr/groovarr/backend/internal/api/import.go:78.36,80.3 1 0
github.com/groovarr/groovarr/backend/internal/api/import.go:83.2,84.35 2 0
github.com/groovarr/groovarr/backend/internal/api/import.go:84.35,98.3 1 0
github.com/groovarr/groovarr/backend/internal/api/import.go:101.2,103.45 3 0
github.com/groovarr/groovarr/backend/internal/api/import.go:103.45,104.53 1 0
github.com/groovarr/groovarr/backend/internal/api/import.go:104.53,106.4 1 0
github.com/groovarr/groovarr/backend/internal/api/import.go:108.2,108.46 1 0
github.com/groovarr/groovarr/backend/internal/api/import.go:108.46,109.53 1 0
github.com/groovarr/groovarr/backend/internal/api/import.go:109.53,111.4 1 0
github.com/groovarr/groovarr/backend/internal/api/import.go:114.2,116.21 3 0
github.com/groovarr/groovarr/backend/internal/api/import.go:116.21,118.3 1 0
github.com/groovarr/groovarr/backend/internal/api/import.go:120.2,122.19 3 0
github.com/groovarr/groovarr/backend/internal/api/import.go:122.19,124.3 1 0
github.com/groovarr/groovarr/backend/internal/api/import.go:125.2,125.17 1 0
github.com/groovarr/groovarr/backend/internal/api/import.go:125.17,127.3 1 0
github.com/groovarr/groovarr/backend/internal/api/import.go:129.2,136.4 2 0
github.com/groovarr/groovarr/backend/internal/api/import.go:155.70,156.33 1 0
github.com/groovarr/groovarr/backend/internal/api/import.go:156.33,159.3 2 0
github.com/groovarr/groovarr/backend/internal/api/import.go:161.2,162.61 2 0
github.com/groovarr/groovarr/backend/internal/api/import.go:162.61,165.3 2 0
github.com/groovarr/groovarr/backend/internal/api/import.go:167.2,169.16 3 0
github.com/groovarr/groovarr/backend/internal/api/import.go:169.16,170.36 1 0
github.com/groovarr/groovarr/backend/internal/api/import.go:170.36,172.4 1 0
github.com/groovarr/groovarr/backend/internal/api/import.go:173.3,174.9 2 0
github.com/groovarr/groovarr/backend/internal/api/import.go:178.2,180.29 3 0
github.com/groovarr/groovarr/backend/internal/api/import.go:180.29,182.3 1 0
github.com/groovarr/groovarr/backend/internal/api/import.go:184.2,188.44 4 0
github.com/groovarr/groovarr/backend/internal/api/import.go:188.44,190.17 2 0
github.com/groovarr/groovarr/backend/internal/api/import.go:190.17,192.12 2 0
github.com/groovarr/groovarr/backend/internal/api/import.go:195.3,196.17 2 0
github.com/groovarr/groovarr/backend/internal/api/import.go:196.17,198.12 2 0
github.com/groovarr/groovarr/backend/internal/api/import.go:202.3,203.36 2 0
github.com/groovarr/groovarr/backend/internal/api/import.go:203.36,205.12 2 0
github.com/groovarr/groovarr/backend/internal/api/import.go:209.3,210.23 2 0
github.com/groovarr/groovarr/backend/internal/api/import.go:210.23,212.4 1 0
github.com/groovarr/groovarr/backend/internal/api/import.go:215.3,216.98 2 0
github.com/groovarr/groovarr/backend/internal/api/import.go:216.98,218.12 2 0
github.com/groovarr/groovarr/backend/internal/api/import.go:227.3,227.75 1 0
github.com/groovarr/groovarr/backend/internal/api/import.go:227.75,230.49 2 0
github.com/groovarr/groovarr/backend/internal/api/import.go:230.49,233.5 1 0
github.com/groovarr/groovarr/backend/internal/api/import.go:236.3,236.13 1 0
github.com/groovarr/groovarr/backend/internal/api/import.go:239.2,244.4 2 0
github.com/groovarr/groovarr/backend/internal/api/import.go:248.44,249.15 1 0
github.com/groovarr/groovarr/backend/internal/api/import.go:249.15,251.3 1 0
github.com/groovarr/groovarr/backend/internal/api/import.go:252.2,252.15 1 0
github.com/groovarr/groovarr/backend/internal/api/lidarr_errors.go:28.82,30.67 2 0
github.com/groovarr/groovarr/backend/internal/api/lidarr_errors.go:30.67,32.3 1 0
github.com/groovarr/groovarr/backend/internal/api/lidarr_errors.go:34.2,40.23 2 0
github.com/groovarr/groovarr/backend/internal/api/lidarr_errors.go:41.36,43.75 2 0
github.com/groovarr/groovarr/backend/internal/api/lidarr_errors.go:44.31,47.25 3 0
github.com/groovarr/groovarr/backend/internal/api/lidarr_errors.go:47.25,49.4 1 0
github.com/groovarr/groovarr/backend/internal/api/lidarr_errors.go:50.10,52.73 2 0
github.com/groovarr/groovarr/backend/internal/api/lidarr_errors.go:55.2,58.13 4 0
github.com/groovarr/groovarr/backend/internal/api/manage.go:15.66,16.32 1 0
github.com/groovarr/groovarr/backend/internal/api/manage.go:16.32,19.3 2 0
github.com/groovarr/groovarr/backend/internal/api/manage.go:22.2,26.58 4 0
github.com/groovarr/groovarr/backend/internal/api/manage.go:26.58,29.3 2 0
github.com/groovarr/groovarr/backend/internal/api/manage.go:30.2,32.16 3 0
github.com/groovarr/groovarr/backend/internal/api/manage.go:32.16,35.3 2 0
github.com/groovarr/groovarr/backend/internal/api/manage.go:38.2,39.33 2 0
github.com/groovarr/groovarr/backend/internal/api/manage.go:39.33,42.3 2 0
github.com/groovarr/groovarr/backend/internal/api/manage.go:45.2,47.16 3 0
github.com/groovarr/groovarr/backend/internal/api/manage.go:47.16,48.37 1 0
github.com/groovarr/groovarr/backend/internal/api/manage.go:48.37,50.4 1 0
github.com/groovarr/groovarr/backend/internal/api/manage.go:51.3,52.9 2 0
github.com/groovarr/groovarr/backend/internal/api/manage.go:56.2,57.16 2 0
github.com/groovarr/groovarr/backend/internal/api/manage.go:57.16,60.3 2 0
github.com/groovarr/groovarr/backend/internal/api/manage.go:63.3,67.66 3 0
github.com/groovarr/groovarr/backend/internal/api/manage.go:67.66,68.27 1 0
github.com/groovarr/groovarr/backend/internal/api/manage.go:68.27,70.5 1 0
github.com/groovarr/groovarr/backend/internal/api/manage.go:74.2,77.31 3 0
github.com/groovarr/groovarr/backend/internal/api/manage.go:77.31,90.25 4 0
github.com/groovarr/groovarr/backend/internal/api/manage.go:90.25,92.4 1 0
github.com/groovarr/groovarr/backend/internal/api/manage.go:93.3,93.31 1 0
github.com/groovarr/groovarr/backend/internal/api/manage.go:93.31,94.38 1 0
github.com/groovarr/groovarr/backend/internal/api/manage.go:94.38,100.42 2 0
github.com/groovarr/groovarr/backend/internal/api/manage.go:100.42,102.6 1 0
github.com/groovarr/groovarr/backend/internal/api/manage.go:103.5,112.33 1 0
github.com/groovarr/groovarr/backend/internal/api/manage.go:112.33,112.75 1 0
github.com/groovarr/groovarr/backend/internal/api/manage.go:112.75,112.88 1 0
github.com/groovarr/groovarr/backend/internal/api/manage.go:112.90,112.100 1 0
github.com/groovarr/groovarr/backend/internal/api/manage.go:119.2,131.37 3 0
github.com/groovarr/groovarr/backend/internal/api/manage.go:171.39,173.2 1 0
github.com/groovarr/groovarr/backend/internal/api/manage.go:174.39,176.2 1 0
github.com/groovarr/groovarr/backend/internal/api/manage.go:179.31,180.14 1 0
github.com/groovarr/groovarr/backend/internal/api/manage.go:180.14,182.3 1 0
github.com/groovarr/groovarr/backend/internal/api/manage.go:183.2,183.11 1 0
github.com/groovarr/groovarr/backend/internal/api/track_state.go:13.64,14.33 1 1
github.com/groovarr/groovarr/backend/internal/api/track_state.go:14.33,17.3 2 1
github.com/groovarr/groovarr/backend/internal/api/track_state.go:20.2,25.32 5 1
github.com/groovarr/groovarr/backend/internal/api/track_state.go:25.32,28.3 2 1
github.com/groovarr/groovarr/backend/internal/api/track_state.go:31.2,33.112 2 1
github.com/groovarr/groovarr/backend/internal/api/track_state.go:33.112,36.3 2 1
github.com/groovarr/groovarr/backend/internal/api/track_state.go:37.2,38.16 2 1
github.com/groovarr/groovarr/backend/internal/api/track_state.go:38.16,41.3 2 1
github.com/groovarr/groovarr/backend/internal/api/track_state.go:42.2,43.16 2 1
github.com/groovarr/groovarr/backend/internal/api/track_state.go:43.16,46.3 2 1
github.com/groovarr/groovarr/backend/internal/api/track_state.go:49.2,52.61 2 1
github.com/groovarr/groovarr/backend/internal/api/track_state.go:52.61,55.3 2 1
github.com/groovarr/groovarr/backend/internal/api/track_state.go:57.2,58.29 2 1
github.com/groovarr/groovarr/backend/internal/api/track_state.go:58.29,61.3 2 1
github.com/groovarr/groovarr/backend/internal/api/track_state.go:64.2,64.21 1 1
github.com/groovarr/groovarr/backend/internal/api/track_state.go:64.21,65.78 1 1
github.com/groovarr/groovarr/backend/internal/api/track_state.go:65.78,68.4 2 0
github.com/groovarr/groovarr/backend/internal/api/track_state.go:69.8,70.92 1 1
github.com/groovarr/groovarr/backend/internal/api/track_state.go:70.92,73.4 2 0
github.com/groovarr/groovarr/backend/internal/api/track_state.go:77.2,78.62 2 1
github.com/groovarr/groovarr/backend/internal/api/track_state.go:82.38,83.62 1 1
github.com/groovarr/groovarr/backend/internal/api/track_state.go:83.62,83.80 1 1
github.com/groovarr/groovarr/backend/internal/api/track_state.go:87.55,89.22 2 1
github.com/groovarr/groovarr/backend/internal/api/track_state.go:89.22,90.11 1 1
github.com/groovarr/groovarr/backend/internal/api/track_state.go:90.11,92.4 1 1
github.com/groovarr/groovarr/backend/internal/api/track_state.go:94.2,94.10 1 1
github.com/groovarr/groovarr/backend/internal/api/track_state.go:98.41,100.2 1 1
github.com/groovarr/groovarr/backend/internal/api/track_state.go:102.41,104.2 1 0
github.com/groovarr/groovarr/backend/internal/config/config.go:60.21,61.19 1 0
github.com/groovarr/groovarr/backend/internal/config/config.go:61.19,84.3 1 0
github.com/groovarr/groovarr/backend/internal/config/config.go:87.2,89.15 2 0
github.com/groovarr/groovarr/backend/internal/config/config.go:96.19,97.19 1 0
github.com/groovarr/groovarr/backend/internal/config/config.go:97.19,99.3 1 0
github.com/groovarr/groovarr/backend/internal/config/config.go:100.2,100.26 1 0
github.com/groovarr/groovarr/backend/internal/config/config.go:100.26,102.3 1 0
github.com/groovarr/groovarr/backend/internal/config/config.go:105.2,105.79 1 0
github.com/groovarr/groovarr/backend/internal/config/config.go:105.79,106.53 1 0
github.com/groovarr/groovarr/backend/internal/config/config.go:106.53,108.4 1 0
github.com/groovarr/groovarr/backend/internal/config/config.go:112.2,112.72 1 0
github.com/groovarr/groovarr/backend/internal/config/config.go:112.72,113.36 1 0
github.com/groovarr/groovarr/backend/internal/config/config.go:113.36,115.4 1 0
github.com/groovarr/groovarr/backend/internal/config/config.go:119.2,119.85 1 0
github.com/groovarr/groovarr/backend/internal/config/config.go:119.85,121.3 1 0
github.com/groovarr/groovarr/backend/internal/config/config.go:124.2,124.69 1 0
github.com/groovarr/groovarr/backend/internal/config/config.go:124.69,126.3 1 0
github.com/groovarr/groovarr/backend/internal/config/config.go:127.2,127.73 1 0
github.com/groovarr/groovarr/backend/internal/config/config.go:127.73,129.3 1 0
github.com/groovarr/groovarr/backend/internal/config/config.go:130.2,130.81 1 0
github.com/groovarr/groovarr/backend/internal/config/config.go:130.81,132.3 1 0
github.com/groovarr/groovarr/backend/internal/config/config.go:135.2,135.73 1 0
github.com/groovarr/groovarr/backend/internal/config/config.go:135.73,137.3 1 0
github.com/groovarr/groovarr/backend/internal/config/config.go:140.2,140.75 1 0
github.com/groovarr/groovarr/backend/internal/config/config.go:140.75,142.3 1 0
github.com/groovarr/groovarr/backend/internal/config/config.go:143.2,143.67 1 0
github.com/groovarr/groovarr/backend/internal/config/config.go:143.67,145.3 1 0
github.com/groovarr/groovarr/backend/internal/config/config.go:148.2,148.79 1 0
github.com/groovarr/groovarr/backend/internal/config/config.go:148.79,149.57 1 0
github.com/groovarr/groovarr/backend/internal/config/config.go:149.57,151.4 1 0
github.com/groovarr/groovarr/backend/internal/config/config.go:153.2,153.67 1 0
github.com/groovarr/groovarr/backend/internal/config/config.go:153.67,155.3 1 0
github.com/groovarr/groovarr/backend/internal/config/config.go:156.2,156.67 1 0
github.com/groovarr/groovarr/backend/internal/config/config.go:156.67,158.3 1 0
github.com/groovarr/groovarr/backend/internal/config/config.go:160.2,160.83 1 0
github.com/groovarr/groovarr/backend/internal/config/config.go:160.83,162.3 1 0
github.com/groovarr/groovarr/backend/internal/config/config.go:164.2,164.80 1 0
github.com/groovarr/groovarr/backend/internal/config/config.go:164.80,166.3 1 0
github.com/groovarr/groovarr/backend/internal/config/config.go:171.19,173.2 1 0
github.com/groovarr/groovarr/backend/internal/config/config.go:176.38,179.26 3 0
github.com/groovarr/groovarr/backend/internal/config/config.go:179.26,181.14 2 0
github.com/groovarr/groovarr/backend/internal/config/config.go:181.14,182.12 1 0
github.com/groovarr/groovarr/backend/internal/config/config.go:184.3,184.57 1 0
github.com/groovarr/groovarr/backend/internal/config/config.go:184.57,186.4 1 0
github.com/groovarr/groovarr/backend/internal/config/config.go:188.2,188.15 1 0
github.com/groovarr/groovarr/backend/internal/config/config.go:192.42,195.26 3 0
github.com/groovarr/groovarr/backend/internal/config/config.go:195.26,197.14 2 0
github.com/groovarr/groovarr/backend/internal/config/config.go:197.14,199.4 1 0
github.com/groovarr/groovarr/backend/internal/config/config.go:201.2,201.15 1 0
github.com/groovarr/groovarr/backend/internal/config/config.go:205.42,206.34 1 0
github.com/groovarr/groovarr/backend/internal/config/config.go:206.34,208.3 1 0
github.com/groovarr/groovarr/backend/internal/config/config.go:209.2,209.17 1 0
github.com/groovarr/groovarr/backend/internal/config/config.go:212.46,213.34 1 0
github.com/groovarr/groovarr/backend/internal/config/config.go:213.34,214.44 1 0
github.com/groovarr/groovarr/backend/internal/config/config.go:214.44,216.4 1 0
github.com/groovarr/groovarr/backend/internal/config/config.go:218.2,218.17 1 0
github.com/groovarr/groovarr/backend/internal/config/config.go:221.49,222.34 1 0
github.com/groovarr/groovarr/backend/internal/config/config.go:222.34,223.48 1 0
github.com/groovarr/groovarr/backend/internal/config/config.go:224.38,225.15 1 0
github.com/groovarr/groovarr/backend/internal/config/config.go:226.39,227.16 1 0
github.com/groovarr/groovarr/backend/internal/config/config.go:230.2,230.17 1 0
github.com/groovarr/groovarr/backend/internal/config/config.go:233.39,234.34 1 0
github.com/groovarr/groovarr/backend/internal/config/config.go:234.34,237.27 3 0
github.com/groovarr/groovarr/backend/internal/config/config.go:237.27,238.41 1 0
github.com/groovarr/groovarr/backend/internal/config/config.go:238.41,240.5 1 0
github.com/groovarr/groovarr/backend/internal/config/config.go:242.3,242.16 1 0
github.com/groovarr/groovarr/backend/internal/config/config.go:244.2,244.19 1 0
github.com/groovarr/groovarr/backend/internal/config/config.go:251.19,252.19 1 0
github.com/groovarr/groovarr/backend/internal/config/config.go:252.19,254.3 1 0
github.com/groovarr/groovarr/backend/internal/config/config.go:255.2,255.16 1 0
github.com/groovarr/groovarr/backend/internal/config/sanitize.go:11.39,12.15 1 0
github.com/groovarr/groovarr/backend/internal/config/sanitize.go:12.15,14.3 1 0
github.com/groovarr/groovarr/backend/internal/config/sanitize.go:16.2,31.42 6 0
github.com/groovarr/groovarr/backend/internal/config/sanitize.go:31.42,33.3 1 0
github.com/groovarr/groovarr/backend/internal/config/sanitize.go:35.2,35.15 1 0
github.com/groovarr/groovarr/backend/internal/config/sanitize.go:39.42,44.2 3 0
github.com/groovarr/groovarr/backend/internal/config/sanitize.go:47.35,67.2 11 0
github.com/groovarr/groovarr/backend/internal/config/sanitize.go:70.45,77.2 5 0
github.com/groovarr/groovarr/backend/internal/config/sanitize.go:80.42,92.30 2 0
github.com/groovarr/groovarr/backend/internal/config/sanitize.go:92.30,94.3 1 0
github.com/groovarr/groovarr/backend/internal/config/sanitize.go:95.2,95.10 1 0
github.com/groovarr/groovarr/backend/internal/clients/deezer.go:62.38,64.2 1 0
github.com/groovarr/groovarr/backend/internal/clients/deezer.go:66.54,69.16 3 0
github.com/groovarr/groovarr/backend/internal/clients/deezer.go:69.16,71.3 1 0
github.com/groovarr/groovarr/backend/internal/clients/deezer.go:72.2,73.16 2 0
github.com/groovarr/groovarr/backend/internal/clients/deezer.go:73.16,75.3 1 0
github.com/groovarr/groovarr/backend/internal/clients/deezer.go:76.2,78.16 3 0
github.com/groovarr/groovarr/backend/internal/clients/deezer.go:78.16,80.3 1 0
github.com/groovarr/groovarr/backend/internal/clients/deezer.go:81.2,82.51 2 0
github.com/groovarr/groovarr/backend/internal/clients/deezer.go:82.51,84.3 1 0
github.com/groovarr/groovarr/backend/internal/clients/deezer.go:85.2,85.17 1 0
github.com/groovarr/groovarr/backend/internal/clients/deezer.go:88.73,90.16 2 0
github.com/groovarr/groovarr/backend/internal/clients/deezer.go:90.16,92.3 1 0
github.com/groovarr/groovarr/backend/internal/clients/deezer.go:94.2,95.9 2 0
github.com/groovarr/groovarr/backend/internal/clients/deezer.go:95.9,97.3 1 0
github.com/groovarr/groovarr/backend/internal/clients/deezer.go:99.2,100.27 2 0
github.com/groovarr/groovarr/backend/internal/clients/deezer.go:100.27,102.3 1 0
github.com/groovarr/groovarr/backend/internal/clients/deezer.go:104.2,105.28 2 0
github.com/groovarr/groovarr/backend/internal/clients/deezer.go:105.28,107.10 2 0
github.com/groovarr/groovarr/backend/internal/clients/deezer.go:107.10,108.12 1 0
github.com/groovarr/groovarr/backend/internal/clients/deezer.go:110.3,110.54 1 0
github.com/groovarr/groovarr/backend/internal/clients/deezer.go:110.54,112.4 1 0
github.com/groovarr/groovarr/backend/internal/clients/deezer.go:114.2,114.48 1 0
github.com/groovarr/groovarr/backend/internal/clients/deezer.go:117.83,119.16 2 0
github.com/groovarr/groovarr/backend/internal/clients/deezer.go:119.16,121.3 1 0
github.com/groovarr/groovarr/backend/internal/clients/deezer.go:122.2,123.9 2 0
github.com/groovarr/groovarr/backend/internal/clients/deezer.go:123.9,125.3 1 0
github.com/groovarr/groovarr/backend/internal/clients/deezer.go:126.2,127.9 2 0
github.com/groovarr/groovarr/backend/internal/clients/deezer.go:127.9,129.3 1 0
github.com/groovarr/groovarr/backend/internal/clients/deezer.go:130.2,131.28 2 0
github.com/groovarr/groovarr/backend/internal/clients/deezer.go:131.28,132.41 1 0
github.com/groovarr/groovarr/backend/internal/clients/deezer.go:132.41,139.4 1 0
github.com/groovarr/groovarr/backend/internal/clients/deezer.go:141.2,141.20 1 0
github.com/groovarr/groovarr/backend/internal/clients/deezer.go:144.95,150.16 4 0
github.com/groovarr/groovarr/backend/internal/clients/deezer.go:150.16,152.3 1 0
github.com/groovarr/groovarr/backend/internal/clients/deezer.go:155.2,157.30 3 0
github.com/groovarr/groovarr/backend/internal/clients/deezer.go:157.30,159.3 1 0
github.com/groovarr/groovarr/backend/internal/clients/deezer.go:162.2,163.16 2 0
github.com/groovarr/groovarr/backend/internal/clients/deezer.go:163.16,165.3 1 0
github.com/groovarr/groovarr/backend/internal/clients/deezer.go:167.2,168.21 2 0
github.com/groovarr/groovarr/backend/internal/clients/deezer.go:168.21,170.3 1 0
github.com/groovarr/groovarr/backend/internal/clients/deezer.go:172.2,173.31 2 0
github.com/groovarr/groovarr/backend/internal/clients/deezer.go:173.31,174.50 1 0
github.com/groovarr/groovarr/backend/internal/clients/deezer.go:174.50,175.12 1 0
github.com/groovarr/groovarr/backend/internal/clients/deezer.go:178.3,179.37 2 0
github.com/groovarr/groovarr/backend/internal/clients/deezer.go:179.37,180.12 1 0
github.com/groovarr/groovarr/backend/internal/clients/deezer.go:183.3,187.28 4 0
github.com/groovarr/groovarr/backend/internal/clients/deezer.go:187.28,191.26 4 0
github.com/groovarr/groovarr/backend/internal/clients/deezer.go:191.26,193.5 1 0
github.com/groovarr/groovarr/backend/internal/clients/deezer.go:196.3,197.20 2 0
github.com/groovarr/groovarr/backend/internal/clients/deezer.go:197.20,199.4 1 0
github.com/groovarr/groovarr/backend/internal/clients/deezer.go:201.3,202.23 2 0
github.com/groovarr/groovarr/backend/internal/clients/deezer.go:202.23,204.4 1 0
github.com/groovarr/groovarr/backend/internal/clients/deezer.go:206.3,216.5 1 0
github.com/groovarr/groovarr/backend/internal/clients/deezer.go:219.2,219.21 1 0
github.com/groovarr/groovarr/backend/internal/clients/deezer.go:222.75,227.39 4 0
github.com/groovarr/groovarr/backend/internal/clients/deezer.go:227.39,229.3 1 0
github.com/groovarr/groovarr/backend/internal/clients/deezer.go:231.2,236.30 5 0
github.com/groovarr/groovarr/backend/internal/clients/deezer.go:236.30,237.23 1 0
github.com/groovarr/groovarr/backend/internal/clients/deezer.go:237.23,239.4 1 0
github.com/groovarr/groovarr/backend/internal/clients/deezer.go:241.2,241.18 1 0
github.com/groovarr/groovarr/backend/internal/clients/deezer.go:241.18,243.3 1 0
github.com/groovarr/groovarr/backend/internal/clients/deezer.go:245.2,245.30 1 0
github.com/groovarr/groovarr/backend/internal/clients/deezer.go:245.30,247.17 2 0
github.com/groovarr/groovarr/backend/internal/clients/deezer.go:247.17,249.4 1 0
github.com/groovarr/groovarr/backend/internal/clients/deezer.go:250.3,252.25 3 0
github.com/groovarr/groovarr/backend/internal/clients/deezer.go:255.2,256.16 2 0
github.com/groovarr/groovarr/backend/internal/clients/deezer.go:256.16,258.3 1 0
github.com/groovarr/groovarr/backend/internal/clients/deezer.go:260.2,261.31 2 0
github.com/groovarr/groovarr/backend/internal/clients/deezer.go:261.31,263.37 2 0
github.com/groovarr/groovarr/backend/internal/clients/deezer.go:263.37,264.12 1 0
github.com/groovarr/groovarr/backend/internal/clients/deezer.go:267.3,271.28 4 0
github.com/groovarr/groovarr/backend/internal/clients/deezer.go:271.28,275.26 4 0
github.com/groovarr/groovarr/backend/internal/clients/deezer.go:275.26,277.5 1 0
github.com/groovarr/groovarr/backend/internal/clients/deezer.go:280.3,281.20 2 0
github.com/groovarr/groovarr/backend/internal/clients/deezer.go:281.20,283.4 1 0
github.com/groovarr/groovarr/backend/internal/clients/deezer.go:285.3,286.23 2 0
github.com/groovarr/groovarr/backend/internal/clients/deezer.go:286.23,288.4 1 0
github.com/groovarr/groovarr/backend/internal/clients/deezer.go:290.3,300.5 1 0
github.com/groovarr/groovarr/backend/internal/clients/deezer.go:305.2,308.21 3 0
github.com/groovarr/groovarr/backend/internal/clients/deezer.go:311.89,312.49 1 0
github.com/groovarr/groovarr/backend/internal/clients/deezer.go:312.49,314.3 1 0
github.com/groovarr/groovarr/backend/internal/clients/deezer.go:315.2,315.11 1 0
github.com/groovarr/groovarr/backend/internal/clients/deezer.go:318.105,319.37 1 0
github.com/groovarr/groovarr/backend/internal/clients/deezer.go:319.37,321.3 1 0
github.com/groovarr/groovarr/backend/internal/clients/deezer.go:322.2,323.39 2 0
github.com/groovarr/groovarr/backend/internal/clients/deezer.go:323.39,325.3 1 0
github.com/groovarr/groovarr/backend/internal/clients/deezer.go:326.2,326.41 1 0
github.com/groovarr/groovarr/backend/internal/clients/deezer.go:326.41,327.73 1 0
github.com/groovarr/groovarr/backend/internal/clients/deezer.go:327.73,329.4 1 0
github.com/groovarr/groovarr/backend/internal/clients/deezer.go:331.2,331.11 1 0
github.com/groovarr/groovarr/backend/internal/clients/deezer.go:334.80,336.16 2 0
github.com/groovarr/groovarr/backend/internal/clients/deezer.go:336.16,338.3 1 0
github.com/groovarr/groovarr/backend/internal/clients/deezer.go:339.2,340.9 2 0
github.com/groovarr/groovarr/backend/internal/clients/deezer.go:340.9,342.3 1 0
github.com/groovarr/groovarr/backend/internal/clients/deezer.go:343.2,344.9 2 0
github.com/groovarr/groovarr/backend/internal/clients/deezer.go:344.9,346.3 1 0
github.com/groovarr/groovarr/backend/internal/clients/deezer.go:347.2,348.28 2 0
github.com/groovarr/groovarr/backend/internal/clients/deezer.go:348.28,349.41 1 0
github.com/groovarr/groovarr/backend/internal/clients/deezer.go:349.41,359.4 1 0
github.com/groovarr/groovarr/backend/internal/clients/deezer.go:361.2,361.20 1 0
github.com/groovarr/groovarr/backend/internal/clients/deezer.go:364.77,366.16 2 0
github.com/groovarr/groovarr/backend/internal/clients/deezer.go:366.16,368.3 1 0
github.com/groovarr/groovarr/backend/internal/clients/deezer.go:369.2,370.9 2 0
github.com/groovarr/groovarr/backend/internal/clients/deezer.go:370.9,372.3 1 0
github.com/groovarr/groovarr/backend/internal/clients/deezer.go:373.2,374.9 2 0
github.com/groovarr/groovarr/backend/internal/clients/deezer.go:374.9,376.3 1 0
github.com/groovarr/groovarr/backend/internal/clients/deezer.go:377.2,378.28 2 0
github.com/groovarr/groovarr/backend/internal/clients/deezer.go:378.28,379.41 1 0
github.com/groovarr/groovarr/backend/internal/clients/deezer.go:379.41,386.4 1 0
github.com/groovarr/groovarr/backend/internal/clients/deezer.go:388.2,388.20 1 0
github.com/groovarr/groovarr/backend/internal/clients/deezer.go:393.47,400.2 1 0
github.com/groovarr/groovarr/backend/internal/clients/deezer.go:402.50,403.34 1 0
github.com/groovarr/groovarr/backend/internal/clients/deezer.go:403.34,405.3 1 0
github.com/groovarr/groovarr/backend/internal/clients/deezer.go:406.2,406.11 1 0
github.com/groovarr/groovarr/backend/internal/clients/deezer.go:409.47,410.28 1 0
github.com/groovarr/groovarr/backend/internal/clients/deezer.go:411.15,412.16 1 0
github.com/groovarr/groovarr/backend/internal/clients/deezer.go:413.11,414.11 1 0
github.com/groovarr/groovarr/backend/internal/clients/deezer.go:415.13,416.16 1 0
github.com/groovarr/groovarr/backend/internal/clients/deezer.go:418.2,418.10 1 0
github.com/groovarr/groovarr/backend/internal/clients/deezer.go:421.51,422.28 1 0
github.com/groovarr/groovarr/backend/internal/clients/deezer.go:423.15,424.18 1 0
github.com/groovarr/groovarr/backend/internal/clients/deezer.go:425.11,426.18 1 0
github.com/groovarr/groovarr/backend/internal/clients/deezer.go:427.13,428.11 1 0
github.com/groovarr/groovarr/backend/internal/clients/deezer.go:430.2,430.10 1 0
github.com/groovarr/groovarr/backend/internal/clients/deezer.go:433.49,434.19 1 0
github.com/groovarr/groovarr/backend/internal/clients/deezer.go:434.19,436.3 1 0
github.com/groovarr/groovarr/backend/internal/clients/deezer.go:438.2,438.26 1 0
github.com/groovarr/groovarr/backend/internal/clients/deezer.go:441.24,442.11 1 0
github.com/groovarr/groovarr/backend/internal/clients/deezer.go:442.11,444.3 1 0
github.com/groovarr/groovarr/backend/internal/clients/deezer.go:445.2,445.10 1 0
github.com/groovarr/groovarr/backend/internal/clients/deezer.go:448.24,449.11 1 0
github.com/groovarr/groovarr/backend/internal/clients/deezer.go:449.11,451.3 1 0
github.com/groovarr/groovarr/backend/internal/clients/deezer.go:452.2,452.10 1 0
github.com/groovarr/groovarr/backend/internal/clients/deezer.go:455.49,457.27 2 0
github.com/groovarr/groovarr/backend/internal/clients/deezer.go:457.27,458.30 1 0
github.com/groovarr/groovarr/backend/internal/clients/deezer.go:458.30,459.69 1 0
github.com/groovarr/groovarr/backend/internal/clients/deezer.go:459.69,461.5 1 0
github.com/groovarr/groovarr/backend/internal/clients/lastfm.go:22.47,24.28 2 0
github.com/groovarr/groovarr/backend/internal/clients/lastfm.go:24.28,26.3 1 0
github.com/groovarr/groovarr/backend/internal/clients/lastfm.go:27.2,30.8 1 0
github.com/groovarr/groovarr/backend/internal/clients/lastfm.go:33.78,37.29 4 0
github.com/groovarr/groovarr/backend/internal/clients/lastfm.go:37.29,39.3 1 0
github.com/groovarr/groovarr/backend/internal/clients/lastfm.go:40.2,41.16 2 0
github.com/groovarr/groovarr/backend/internal/clients/lastfm.go:41.16,43.3 1 0
github.com/groovarr/groovarr/backend/internal/clients/lastfm.go:44.2,45.16 2 0
github.com/groovarr/groovarr/backend/internal/clients/lastfm.go:45.16,47.3 1 0
github.com/groovarr/groovarr/backend/internal/clients/lastfm.go:48.2,50.16 3 0
github.com/groovarr/groovarr/backend/internal/clients/lastfm.go:50.16,52.3 1 0
github.com/groovarr/groovarr/backend/internal/clients/lastfm.go:53.2,54.51 2 0
github.com/groovarr/groovarr/backend/internal/clients/lastfm.go:54.51,56.3 1 0
github.com/groovarr/groovarr/backend/internal/clients/lastfm.go:57.2,57.17 1 0
github.com/groovarr/groovarr/backend/internal/clients/lastfm.go:74.97,77.15 3 0
github.com/groovarr/groovarr/backend/internal/clients/lastfm.go:77.15,79.3 1 0
github.com/groovarr/groovarr/backend/internal/clients/lastfm.go:80.2,82.63 2 0
github.com/groovarr/groovarr/backend/internal/clients/lastfm.go:82.63,89.17 2 0
github.com/groovarr/groovarr/backend/internal/clients/lastfm.go:89.17,91.4 1 0
github.com/groovarr/groovarr/backend/internal/clients/lastfm.go:93.3,94.10 2 0
github.com/groovarr/groovarr/backend/internal/clients/lastfm.go:94.10,95.12 1 0
github.com/groovarr/groovarr/backend/internal/clients/lastfm.go:98.3,100.30 3 0
github.com/groovarr/groovarr/backend/internal/clients/lastfm.go:100.30,101.12 1 0
github.com/groovarr/groovarr/backend/internal/clients/lastfm.go:104.3,104.31 1 0
github.com/groovarr/groovarr/backend/internal/clients/lastfm.go:104.31,105.42 1 0
github.com/groovarr/groovarr/backend/internal/clients/lastfm.go:105.42,110.5 1 0
github.com/groovarr/groovarr/backend/internal/clients/lastfm.go:115.2,115.26 1 0
github.com/groovarr/groovarr/backend/internal/clients/lastfm.go:115.26,117.3 1 0
github.com/groovarr/groovarr/backend/internal/clients/lastfm.go:119.2,120.17 2 0
github.com/groovarr/groovarr/backend/internal/clients/lastfm.go:123.33,126.2 2 0
github.com/groovarr/groovarr/backend/internal/clients/lastfm.go:129.56,130.34 1 0
github.com/groovarr/groovarr/backend/internal/clients/lastfm.go:130.34,132.3 1 0
github.com/groovarr/groovarr/backend/internal/clients/lastfm.go:133.2,133.11 1 0
github.com/groovarr/groovarr/backend/internal/clients/lastfm.go:136.57,137.28 1 0
github.com/groovarr/groovarr/backend/internal/clients/lastfm.go:138.15,139.18 1 0
github.com/groovarr/groovarr/backend/internal/clients/lastfm.go:140.11,141.18 1 0
github.com/groovarr/groovarr/backend/internal/clients/lastfm.go:142.13,143.11 1 0
github.com/groovarr/groovarr/backend/internal/clients/lastfm.go:145.2,145.10 1 0
github.com/groovarr/groovarr/backend/internal/clients/lastfm.go:148.53,149.28 1 0
github.com/groovarr/groovarr/backend/internal/clients/lastfm.go:150.15,151.16 1 0
github.com/groovarr/groovarr/backend/internal/clients/lastfm.go:152.11,153.11 1 0
github.com/groovarr/groovarr/backend/internal/clients/lastfm.go:154.13,155.16 1 0
github.com/groovarr/groovarr/backend/internal/clients/lastfm.go:157.2,157.10 1 0
github.com/groovarr/groovarr/backend/internal/clients/lidarr.go:47.40,49.16 2 1
github.com/groovarr/groovarr/backend/internal/clients/lidarr.go:49.16,51.3 1 1
github.com/groovarr/groovarr/backend/internal/clients/lidarr.go:52.2,54.16 3 1
github.com/groovarr/groovarr/backend/internal/clients/lidarr.go:54.16,56.3 1 1
github.com/groovarr/groovarr/backend/internal/clients/lidarr.go:57.2,57.10 1 1
github.com/groovarr/groovarr/backend/internal/clients/lidarr.go:85.47,88.2 2 0
github.com/groovarr/groovarr/backend/internal/clients/lidarr.go:92.69,93.15 1 1
github.com/groovarr/groovarr/backend/internal/clients/lidarr.go:93.15,95.3 1 0
github.com/groovarr/groovarr/backend/internal/clients/lidarr.go:96.2,96.18 1 1
github.com/groovarr/groovarr/backend/internal/clients/lidarr.go:96.18,98.3 1 0
github.com/groovarr/groovarr/backend/internal/clients/lidarr.go:99.2,104.8 1 1
github.com/groovarr/groovarr/backend/internal/clients/lidarr.go:107.74,109.17 2 1
github.com/groovarr/groovarr/backend/internal/clients/lidarr.go:109.17,111.17 2 0
github.com/groovarr/groovarr/backend/internal/clients/lidarr.go:111.17,113.4 1 0
github.com/groovarr/groovarr/backend/internal/clients/lidarr.go:114.3,114.44 1 0
github.com/groovarr/groovarr/backend/internal/clients/lidarr.go:116.2,118.16 3 1
github.com/groovarr/groovarr/backend/internal/clients/lidarr.go:118.16,120.3 1 0
github.com/groovarr/groovarr/backend/internal/clients/lidarr.go:121.2,125.16 4 1
github.com/groovarr/groovarr/backend/internal/clients/lidarr.go:125.16,127.3 1 0
github.com/groovarr/groovarr/backend/internal/clients/lidarr.go:128.2,131.16 3 1
github.com/groovarr/groovarr/backend/internal/clients/lidarr.go:131.16,133.3 1 0
github.com/groovarr/groovarr/backend/internal/clients/lidarr.go:135.2,135.28 1 1
github.com/groovarr/groovarr/backend/internal/clients/lidarr.go:135.28,137.3 1 0
github.com/groovarr/groovarr/backend/internal/clients/lidarr.go:139.2,139.18 1 1
github.com/groovarr/groovarr/backend/internal/clients/lidarr.go:142.56,144.16 2 1
github.com/groovarr/groovarr/backend/internal/clients/lidarr.go:144.16,146.3 1 0
github.com/groovarr/groovarr/backend/internal/clients/lidarr.go:147.2,147.34 1 1
github.com/groovarr/groovarr/backend/internal/clients/lidarr.go:150.63,152.16 2 0
github.com/groovarr/groovarr/backend/internal/clients/lidarr.go:152.16,154.3 1 0
github.com/groovarr/groovarr/backend/internal/clients/lidarr.go:155.2,155.34 1 0
github.com/groovarr/groovarr/backend/internal/clients/lidarr.go:158.57,161.2 2 0
github.com/groovarr/groovarr/backend/internal/clients/lidarr.go:163.50,166.2 2 0
github.com/groovarr/groovarr/backend/internal/clients/lidarr.go:170.69,174.2 3 0
github.com/groovarr/groovarr/backend/internal/clients/lidarr.go:176.77,178.16 2 0
github.com/groovarr/groovarr/backend/internal/clients/lidarr.go:178.16,180.3 1 0
github.com/groovarr/groovarr/backend/internal/clients/lidarr.go:181.2,183.28 2 0
github.com/groovarr/groovarr/backend/internal/clients/lidarr.go:183.28,185.39 2 0
github.com/groovarr/groovarr/backend/internal/clients/lidarr.go:185.39,187.4 1 0
github.com/groovarr/groovarr/backend/internal/clients/lidarr.go:189.2,189.28 1 0
github.com/groovarr/groovarr/backend/internal/clients/lidarr.go:189.28,191.51 2 0
github.com/groovarr/groovarr/backend/internal/clients/lidarr.go:191.51,193.4 1 0
github.com/groovarr/groovarr/backend/internal/clients/lidarr.go:195.2,195.28 1 0
github.com/groovarr/groovarr/backend/internal/clients/lidarr.go:195.28,196.56 1 0
github.com/groovarr/groovarr/backend/internal/clients/lidarr.go:196.56,198.4 1 0
github.com/groovarr/groovarr/backend/internal/clients/lidarr.go:202.2,202.22 1 0
github.com/groovarr/groovarr/backend/internal/clients/lidarr.go:202.22,204.3 1 0
github.com/groovarr/groovarr/backend/internal/clients/lidarr.go:205.2,205.48 1 0
github.com/groovarr/groovarr/backend/internal/clients/lidarr.go:210.70,214.2 3 0
github.com/groovarr/groovarr/backend/internal/clients/lidarr.go:216.70,217.23 1 0
github.com/groovarr/groovarr/backend/internal/clients/lidarr.go:217.23,219.3 1 0
github.com/groovarr/groovarr/backend/internal/clients/lidarr.go:220.2,221.16 2 0
github.com/groovarr/groovarr/backend/internal/clients/lidarr.go:221.16,223.3 1 0
github.com/groovarr/groovarr/backend/internal/clients/lidarr.go:224.2,226.29 3 0
github.com/groovarr/groovarr/backend/internal/clients/lidarr.go:226.29,227.40 1 0
github.com/groovarr/groovarr/backend/internal/clients/lidarr.go:227.40,230.4 2 0
github.com/groovarr/groovarr/backend/internal/clients/lidarr.go:232.2,232.23 1 0
github.com/groovarr/groovarr/backend/internal/clients/lidarr.go:232.23,235.3 2 0
github.com/groovarr/groovarr/backend/internal/clients/lidarr.go:236.2,236.51 1 0
github.com/groovarr/groovarr/backend/internal/clients/lidarr.go:239.71,243.2 3 0
github.com/groovarr/groovarr/backend/internal/clients/lidarr.go:245.79,246.50 1 0
github.com/groovarr/groovarr/backend/internal/clients/lidarr.go:246.50,248.3 1 0
github.com/groovarr/groovarr/backend/internal/clients/lidarr.go:250.2,251.16 2 0
github.com/groovarr/groovarr/backend/internal/clients/lidarr.go:251.16,253.3 1 0
github.com/groovarr/groovarr/backend/internal/clients/lidarr.go:254.2,254.24 1 0
github.com/groovarr/groovarr/backend/internal/clients/lidarr.go:254.24,256.3 1 0
github.com/groovarr/groovarr/backend/internal/clients/lidarr.go:258.2,260.29 2 0
github.com/groovarr/groovarr/backend/internal/clients/lidarr.go:260.29,262.83 2 0
github.com/groovarr/groovarr/backend/internal/clients/lidarr.go:262.83,265.4 2 0
github.com/groovarr/groovarr/backend/internal/clients/lidarr.go:266.3,266.91 1 0
github.com/groovarr/groovarr/backend/internal/clients/lidarr.go:266.91,269.4 2 0
github.com/groovarr/groovarr/backend/internal/clients/lidarr.go:272.2,272.29 1 0
github.com/groovarr/groovarr/backend/internal/clients/lidarr.go:272.29,273.96 1 0
github.com/groovarr/groovarr/backend/internal/clients/lidarr.go:273.96,276.4 2 0
github.com/groovarr/groovarr/backend/internal/clients/lidarr.go:279.2,281.16 3 0
github.com/groovarr/groovarr/backend/internal/clients/lidarr.go:286.73,289.16 3 0
github.com/groovarr/groovarr/backend/internal/clients/lidarr.go:289.16,291.3 1 0
github.com/groovarr/groovarr/backend/internal/clients/lidarr.go:292.2,292.23 1 0
github.com/groovarr/groovarr/backend/internal/clients/lidarr.go:292.23,294.3 1 0
github.com/groovarr/groovarr/backend/internal/clients/lidarr.go:295.2,296.28 2 0
github.com/groovarr/groovarr/backend/internal/clients/lidarr.go:296.28,297.49 1 0
github.com/groovarr/groovarr/backend/internal/clients/lidarr.go:297.49,299.4 1 0
github.com/groovarr/groovarr/backend/internal/clients/lidarr.go:301.2,301.25 1 0
github.com/groovarr/groovarr/backend/internal/clients/lidarr.go:304.67,307.16 3 0
github.com/groovarr/groovarr/backend/internal/clients/lidarr.go:307.16,309.3 1 0
github.com/groovarr/groovarr/backend/internal/clients/lidarr.go:310.2,310.21 1 0
github.com/groovarr/groovarr/backend/internal/clients/lidarr.go:313.65,315.2 1 0
github.com/groovarr/groovarr/backend/internal/clients/lidarr.go:317.64,321.2 3 0
github.com/groovarr/groovarr/backend/internal/clients/lidarr.go:323.116,325.33 2 0
github.com/groovarr/groovarr/backend/internal/clients/lidarr.go:325.33,327.3 1 0
github.com/groovarr/groovarr/backend/internal/clients/lidarr.go:330.2,331.16 2 0
github.com/groovarr/groovarr/backend/internal/clients/lidarr.go:331.16,332.25 1 0
github.com/groovarr/groovarr/backend/internal/clients/lidarr.go:332.25,333.51 1 0
github.com/groovarr/groovarr/backend/internal/clients/lidarr.go:333.51,335.5 1 0
github.com/groovarr/groovarr/backend/internal/clients/lidarr.go:339.2,340.16 2 0
github.com/groovarr/groovarr/backend/internal/clients/lidarr.go:340.16,342.3 1 0
github.com/groovarr/groovarr/backend/internal/clients/lidarr.go:344.2,345.16 2 0
github.com/groovarr/groovarr/backend/internal/clients/lidarr.go:345.16,347.3 1 0
github.com/groovarr/groovarr/backend/internal/clients/lidarr.go:349.2,350.17 2 0
github.com/groovarr/groovarr/backend/internal/clients/lidarr.go:350.17,352.72 2 0
github.com/groovarr/groovarr/backend/internal/clients/lidarr.go:352.72,354.4 1 0
github.com/groovarr/groovarr/backend/internal/clients/lidarr.go:355.3,356.17 2 0
github.com/groovarr/groovarr/backend/internal/clients/lidarr.go:356.17,358.4 1 0
github.com/groovarr/groovarr/backend/internal/clients/lidarr.go:361.2,376.16 4 0
github.com/groovarr/groovarr/backend/internal/clients/lidarr.go:376.16,378.3 1 0
github.com/groovarr/groovarr/backend/internal/clients/lidarr.go:380.2,385.21 3 0
github.com/groovarr/groovarr/backend/internal/clients/lidarr.go:388.85,390.16 2 0
github.com/groovarr/groovarr/backend/internal/clients/lidarr.go:390.16,392.3 1 0
github.com/groovarr/groovarr/backend/internal/clients/lidarr.go:393.2,394.16 2 0
github.com/groovarr/groovarr/backend/internal/clients/lidarr.go:394.16,396.3 1 0
github.com/groovarr/groovarr/backend/internal/clients/lidarr.go:397.2,398.81 2 0
github.com/groovarr/groovarr/backend/internal/clients/lidarr.go:398.81,400.3 1 0
github.com/groovarr/groovarr/backend/internal/clients/lidarr.go:401.2,406.12 2 0
github.com/groovarr/groovarr/backend/internal/clients/lidarr.go:411.85,415.2 3 0
github.com/groovarr/groovarr/backend/internal/clients/lidarr.go:417.65,420.16 3 0
github.com/groovarr/groovarr/backend/internal/clients/lidarr.go:420.16,422.3 1 0
github.com/groovarr/groovarr/backend/internal/clients/lidarr.go:423.2,423.20 1 0
github.com/groovarr/groovarr/backend/internal/clients/lidarr.go:426.74,428.16 2 0
github.com/groovarr/groovarr/backend/internal/clients/lidarr.go:428.16,430.3 1 0
github.com/groovarr/groovarr/backend/internal/clients/lidarr.go:431.2,432.51 2 0
github.com/groovarr/groovarr/backend/internal/clients/lidarr.go:435.52,438.2 2 0
github.com/groovarr/groovarr/backend/internal/clients/lidarr.go:440.62,441.54 1 0
github.com/groovarr/groovarr/backend/internal/clients/lidarr.go:441.54,443.3 1 0
github.com/groovarr/groovarr/backend/internal/clients/lidarr.go:444.2,444.26 1 0
github.com/groovarr/groovarr/backend/internal/clients/lidarr.go:453.40,454.35 1 1
github.com/groovarr/groovarr/backend/internal/clients/lidarr.go:455.15,456.16 1 1
github.com/groovarr/groovarr/backend/internal/clients/lidarr.go:457.11,458.11 1 1
github.com/groovarr/groovarr/backend/internal/clients/lidarr.go:459.13,460.16 1 1
github.com/groovarr/groovarr/backend/internal/clients/lidarr.go:461.14,462.63 1 1
github.com/groovarr/groovarr/backend/internal/clients/lidarr.go:462.63,464.4 1 1
github.com/groovarr/groovarr/backend/internal/clients/lidarr.go:466.2,466.10 1 1
github.com/groovarr/groovarr/backend/internal/clients/lidarr.go:469.77,471.82 2 1
github.com/groovarr/groovarr/backend/internal/clients/lidarr.go:471.82,473.3 1 0
github.com/groovarr/groovarr/backend/internal/clients/lidarr.go:478.2,478.24 1 1
github.com/groovarr/groovarr/backend/internal/clients/lidarr.go:478.24,480.37 2 1
github.com/groovarr/groovarr/backend/internal/clients/lidarr.go:480.37,482.4 1 1
github.com/groovarr/groovarr/backend/internal/clients/lidarr.go:484.2,484.20 1 1
github.com/groovarr/groovarr/backend/internal/clients/lidarr.go:488.60,490.2 1 0
github.com/groovarr/groovarr/backend/internal/clients/lidarr.go:494.57,497.73 2 0
github.com/groovarr/groovarr/backend/internal/clients/lidarr.go:497.73,499.3 1 0
github.com/groovarr/groovarr/backend/internal/clients/lidarr.go:501.2,501.37 1 0
github.com/groovarr/groovarr/backend/internal/clients/lidarr.go:504.79,507.16 3 0
github.com/groovarr/groovarr/backend/internal/clients/lidarr.go:507.16,509.3 1 0
github.com/groovarr/groovarr/backend/internal/clients/lidarr.go:510.2,511.46 2 0
github.com/groovarr/groovarr/backend/internal/clients/lidarr.go:514.105,516.16 2 0
github.com/groovarr/groovarr/backend/internal/clients/lidarr.go:516.16,518.3 1 0
github.com/groovarr/groovarr/backend/internal/clients/lidarr.go:520.2,521.27 2 0
github.com/groovarr/groovarr/backend/internal/clients/lidarr.go:521.27,523.33 2 0
github.com/groovarr/groovarr/backend/internal/clients/lidarr.go:523.33,524.12 1 0
github.com/groovarr/groovarr/backend/internal/clients/lidarr.go:526.3,527.33 2 0
github.com/groovarr/groovarr/backend/internal/clients/lidarr.go:530.2,530.24 1 0
github.com/groovarr/groovarr/backend/internal/clients/lidarr.go:530.24,532.3 1 0
github.com/groovarr/groovarr/backend/internal/clients/lidarr.go:534.2,534.50 1 0
github.com/groovarr/groovarr/backend/internal/clients/lidarr.go:534.50,536.3 1 0
github.com/groovarr/groovarr/backend/internal/clients/lidarr.go:539.2,540.16 2 0
github.com/groovarr/groovarr/backend/internal/clients/lidarr.go:540.16,542.3 1 0
github.com/groovarr/groovarr/backend/internal/clients/lidarr.go:543.2,544.26 2 0
github.com/groovarr/groovarr/backend/internal/clients/lidarr.go:544.26,545.40 1 0
github.com/groovarr/groovarr/backend/internal/clients/lidarr.go:545.40,547.4 1 0
github.com/groovarr/groovarr/backend/internal/clients/lidarr.go:549.2,549.48 1 0
github.com/groovarr/groovarr/backend/internal/clients/lidarr.go:554.60,556.71 1 0
github.com/groovarr/groovarr/backend/internal/clients/lidarr.go:556.71,558.3 1 0
github.com/groovarr/groovarr/backend/internal/clients/lidarr.go:560.2,562.16 3 0
github.com/groovarr/groovarr/backend/internal/clients/lidarr.go:562.16,564.3 1 0
github.com/groovarr/groovarr/backend/internal/clients/lidarr.go:565.2,566.12 2 0
github.com/groovarr/groovarr/backend/internal/clients/lidarr.go:571.33,573.2 1 0
github.com/groovarr/groovarr/backend/internal/connections/api.go:9.65,12.18 2 0
github.com/groovarr/groovarr/backend/internal/connections/api.go:13.22,17.5 2 0
github.com/groovarr/groovarr/backend/internal/connections/api.go:19.23,24.62 2 0
github.com/groovarr/groovarr/backend/internal/connections/api.go:24.62,27.4 2 0
github.com/groovarr/groovarr/backend/internal/connections/api.go:29.3,29.22 1 0
github.com/groovarr/groovarr/backend/internal/connections/api.go:30.22,31.22 1 0
github.com/groovarr/groovarr/backend/internal/connections/api.go:32.19,33.25 1 0
github.com/groovarr/groovarr/backend/internal/connections/api.go:34.22,35.25 1 0
github.com/groovarr/groovarr/backend/internal/connections/api.go:36.12,38.11 2 0
github.com/groovarr/groovarr/backend/internal/connections/api.go:40.23,41.22 1 0
github.com/groovarr/groovarr/backend/internal/connections/api.go:42.19,43.26 1 0
github.com/groovarr/groovarr/backend/internal/connections/api.go:44.22,45.26 1 0
github.com/groovarr/groovarr/backend/internal/connections/api.go:46.12,48.11 2 0
github.com/groovarr/groovarr/backend/internal/connections/api.go:50.22,51.22 1 0
github.com/groovarr/groovarr/backend/internal/connections/api.go:52.19,53.22 1 0
github.com/groovarr/groovarr/backend/internal/connections/api.go:54.22,55.25 1 0
github.com/groovarr/groovarr/backend/internal/connections/api.go:56.12,58.11 2 0
github.com/groovarr/groovarr/backend/internal/connections/api.go:60.11,62.10 2 0
github.com/groovarr/groovarr/backend/internal/connections/api.go:65.3,68.5 2 0
github.com/groovarr/groovarr/backend/internal/connections/api.go:70.10,71.67 1 0
github.com/groovarr/groovarr/backend/internal/connections/api.go:76.58,79.18 2 0
github.com/groovarr/groovarr/backend/internal/connections/api.go:80.22,85.5 3 0
github.com/groovarr/groovarr/backend/internal/connections/api.go:87.25,90.63 3 0
github.com/groovarr/groovarr/backend/internal/connections/api.go:92.10,93.67 1 0
github.com/groovarr/groovarr/backend/internal/connections/manager.go:59.21,62.19 3 0
github.com/groovarr/groovarr/backend/internal/connections/manager.go:62.19,69.78 2 0
github.com/groovarr/groovarr/backend/internal/connections/manager.go:69.78,75.4 1 0
github.com/groovarr/groovarr/backend/internal/connections/manager.go:77.2,77.15 1 0
github.com/groovarr/groovarr/backend/internal/connections/manager.go:82.13,89.40 5 0
github.com/groovarr/groovarr/backend/internal/connections/manager.go:89.40,91.3 1 0
github.com/groovarr/groovarr/backend/internal/connections/manager.go:94.2,95.24 2 0
github.com/groovarr/groovarr/backend/internal/connections/manager.go:95.24,97.3 1 0
github.com/groovarr/groovarr/backend/internal/connections/manager.go:100.2,101.21 2 0
github.com/groovarr/groovarr/backend/internal/connections/manager.go:101.21,104.3 2 0
github.com/groovarr/groovarr/backend/internal/connections/manager.go:110.60,113.36 3 0
github.com/groovarr/groovarr/backend/internal/connections/manager.go:113.36,115.3 1 0
github.com/groovarr/groovarr/backend/internal/connections/manager.go:116.2,116.92 1 0
github.com/groovarr/groovarr/backend/internal/connections/manager.go:120.53,124.29 4 0
github.com/groovarr/groovarr/backend/internal/connections/manager.go:124.29,126.3 1 0
github.com/groovarr/groovarr/backend/internal/connections/manager.go:127.2,127.15 1 0
github.com/groovarr/groovarr/backend/internal/connections/manager.go:130.61,139.2 3 0
github.com/groovarr/groovarr/backend/internal/connections/manager.go:144.35,151.16 6 0
github.com/groovarr/groovarr/backend/internal/connections/manager.go:151.16,155.3 3 0
github.com/groovarr/groovarr/backend/internal/connections/manager.go:158.2,159.16 2 0
github.com/groovarr/groovarr/backend/internal/connections/manager.go:159.16,163.3 3 0
github.com/groovarr/groovarr/backend/internal/connections/manager.go:165.2,169.66 5 0
github.com/groovarr/groovarr/backend/internal/connections/manager.go:173.38,179.2 5 0
github.com/groovarr/groovarr/backend/internal/connections/manager.go:182.68,185.21 3 0
github.com/groovarr/groovarr/backend/internal/connections/manager.go:185.21,187.3 1 0
github.com/groovarr/groovarr/backend/internal/connections/manager.go:188.2,188.22 1 0
github.com/groovarr/groovarr/backend/internal/connections/manager.go:194.36,199.24 4 0
github.com/groovarr/groovarr/backend/internal/connections/manager.go:199.24,203.3 3 0
github.com/groovarr/groovarr/backend/internal/connections/manager.go:205.2,207.60 2 0
github.com/groovarr/groovarr/backend/internal/connections/manager.go:207.60,208.34 1 0
github.com/groovarr/groovarr/backend/internal/connections/manager.go:208.34,209.39 1 0
github.com/groovarr/groovarr/backend/internal/connections/manager.go:209.39,210.48 1 0
github.com/groovarr/groovarr/backend/internal/connections/manager.go:210.48,212.6 1 0
github.com/groovarr/groovarr/backend/internal/connections/manager.go:216.2,216.16 1 0
github.com/groovarr/groovarr/backend/internal/connections/manager.go:216.16,220.3 3 0
github.com/groovarr/groovarr/backend/internal/connections/manager.go:222.2,222.36 1 0
github.com/groovarr/groovarr/backend/internal/connections/manager.go:222.36,226.3 3 0
github.com/groovarr/groovarr/backend/internal/connections/manager.go:228.2,230.56 3 0
github.com/groovarr/groovarr/backend/internal/connections/manager.go:234.39,235.41 1 0
github.com/groovarr/groovarr/backend/internal/connections/manager.go:235.41,238.3 2 0
github.com/groovarr/groovarr/backend/internal/connections/manager.go:239.2,240.59 2 0
github.com/groovarr/groovarr/backend/internal/connections/manager.go:247.35,249.15 2 0
github.com/groovarr/groovarr/backend/internal/connections/manager.go:249.15,253.3 3 0
github.com/groovarr/groovarr/backend/internal/connections/manager.go:254.2,255.57 2 0
github.com/groovarr/groovarr/backend/internal/connections/manager.go:259.38,262.2 2 0
github.com/groovarr/groovarr/backend/internal/connections/manager.go:267.40,272.53 5 0
github.com/groovarr/groovarr/backend/internal/connections/manager.go:272.53,274.3 1 0
github.com/groovarr/groovarr/backend/internal/connections/manager.go:275.2,275.13 1 0
github.com/groovarr/groovarr/backend/internal/connections/manager.go:279.31,283.2 3 0
github.com/groovarr/groovarr/backend/internal/connections/manager.go:285.51,294.29 4 0
github.com/groovarr/groovarr/backend/internal/connections/manager.go:294.29,296.3 1 0
github.com/groovarr/groovarr/backend/internal/connections/manager.go:297.2,300.22 2 0
github.com/groovarr/groovarr/backend/internal/connections/manager.go:300.22,302.3 1 0
github.com/groovarr/groovarr/backend/internal/connections/manager.go:302.8,304.3 1 0
github.com/groovarr/groovarr/backend/internal/connections/manager.go:308.28,308.44 1 0
github.com/groovarr/groovarr/backend/internal/core/checker.go:41.26,45.2 3 0
github.com/groovarr/groovarr/backend/internal/core/checker.go:50.93,52.18 1 0
github.com/groovarr/groovarr/backend/internal/core/checker.go:52.18,53.22 1 0
github.com/groovarr/groovarr/backend/internal/core/checker.go:53.22,55.4 1 0
github.com/groovarr/groovarr/backend/internal/core/checker.go:57.3,57.20 1 0
github.com/groovarr/groovarr/backend/internal/core/checker.go:57.20,59.4 1 0
github.com/groovarr/groovarr/backend/internal/core/checker.go:62.2,66.15 3 0
github.com/groovarr/groovarr/backend/internal/core/checker.go:66.15,69.3 2 0
github.com/groovarr/groovarr/backend/internal/core/checker.go:71.2,72.24 2 0
github.com/groovarr/groovarr/backend/internal/core/checker.go:72.24,74.29 2 0
github.com/groovarr/groovarr/backend/internal/core/checker.go:74.29,76.4 1 0
github.com/groovarr/groovarr/backend/internal/core/checker.go:77.3,77.31 1 0
github.com/groovarr/groovarr/backend/internal/core/checker.go:78.8,81.17 3 0
github.com/groovarr/groovarr/backend/internal/core/checker.go:81.17,83.4 1 0
github.com/groovarr/groovarr/backend/internal/core/checker.go:86.2,86.23 1 0
github.com/groovarr/groovarr/backend/internal/core/checker.go:86.23,88.3 1 0
github.com/groovarr/groovarr/backend/internal/core/checker.go:90.2,92.16 3 0
github.com/groovarr/groovarr/backend/internal/core/checker.go:92.16,94.3 1 0
github.com/groovarr/groovarr/backend/internal/core/checker.go:96.2,98.33 2 0
github.com/groovarr/groovarr/backend/internal/core/checker.go:98.33,104.52 4 0
github.com/groovarr/groovarr/backend/internal/core/checker.go:104.52,106.34 2 0
github.com/groovarr/groovarr/backend/internal/core/checker.go:106.34,109.13 3 0
github.com/groovarr/groovarr/backend/internal/core/checker.go:111.4,112.53 2 0
github.com/groovarr/groovarr/backend/internal/core/checker.go:116.3,117.29 2 0
github.com/groovarr/groovarr/backend/internal/core/checker.go:117.29,120.4 2 0
github.com/groovarr/groovarr/backend/internal/core/checker.go:123.3,128.97 4 0
github.com/groovarr/groovarr/backend/internal/core/checker.go:128.97,130.4 1 0
github.com/groovarr/groovarr/backend/internal/core/checker.go:134.3,136.38 3 0
github.com/groovarr/groovarr/backend/internal/core/checker.go:136.38,138.38 2 0
github.com/groovarr/groovarr/backend/internal/core/checker.go:138.38,139.13 1 0
github.com/groovarr/groovarr/backend/internal/core/checker.go:141.4,142.29 2 0
github.com/groovarr/groovarr/backend/internal/core/checker.go:142.29,146.50 3 0
github.com/groovarr/groovarr/backend/internal/core/checker.go:146.50,148.6 1 0
github.com/groovarr/groovarr/backend/internal/core/checker.go:148.11,150.6 1 0
github.com/groovarr/groovarr/backend/internal/core/checker.go:151.5,152.13 2 0
github.com/groovarr/groovarr/backend/internal/core/checker.go:154.4,154.19 1 0
github.com/groovarr/groovarr/backend/internal/core/checker.go:154.19,155.13 1 0
github.com/groovarr/groovarr/backend/internal/core/checker.go:157.4,158.24 2 0
github.com/groovarr/groovarr/backend/internal/core/checker.go:158.24,160.5 1 0
github.com/groovarr/groovarr/backend/internal/core/checker.go:162.3,165.31 2 0
github.com/groovarr/groovarr/backend/internal/core/checker.go:165.31,167.32 2 0
github.com/groovarr/groovarr/backend/internal/core/checker.go:167.32,175.5 4 0
github.com/groovarr/groovarr/backend/internal/core/checker.go:175.10,177.66 1 0
github.com/groovarr/groovarr/backend/internal/core/checker.go:177.66,179.6 1 0
github.com/groovarr/groovarr/backend/internal/core/checker.go:182.3,183.36 2 0
github.com/groovarr/groovarr/backend/internal/core/checker.go:185.2,185.21 1 0
github.com/groovarr/groovarr/backend/internal/core/checker.go:202.38,204.36 2 0
github.com/groovarr/groovarr/backend/internal/core/checker.go:204.36,207.3 2 0
github.com/groovarr/groovarr/backend/internal/core/checker.go:209.2,209.27 1 0
github.com/groovarr/groovarr/backend/internal/core/checker.go:209.27,216.48 4 0
github.com/groovarr/groovarr/backend/internal/core/checker.go:216.48,219.4 2 0
github.com/groovarr/groovarr/backend/internal/core/checker.go:219.9,221.4 1 0
github.com/groovarr/groovarr/backend/internal/core/checker.go:222.3,222.17 1 0
github.com/groovarr/groovarr/backend/internal/core/checker.go:222.17,224.4 1 0
github.com/groovarr/groovarr/backend/internal/core/checker.go:226.3,228.16 2 0
github.com/groovarr/groovarr/backend/internal/core/checker.go:229.15,230.18 1 0
github.com/groovarr/groovarr/backend/internal/core/checker.go:230.18,232.52 1 0
github.com/groovarr/groovarr/backend/internal/core/checker.go:232.52,234.6 1 0
github.com/groovarr/groovarr/backend/internal/core/checker.go:235.10,237.5 1 0
github.com/groovarr/groovarr/backend/internal/core/checker.go:239.14,240.26 1 0
github.com/groovarr/groovarr/backend/internal/core/checker.go:240.26,242.5 1 0
github.com/groovarr/groovarr/backend/internal/core/checker.go:242.10,247.5 2 0
github.com/groovarr/groovarr/backend/internal/core/checker.go:249.19,250.17 1 0
github.com/groovarr/groovarr/backend/internal/core/checker.go:250.17,252.55 1 0
github.com/groovarr/groovarr/backend/internal/core/checker.go:252.55,255.6 2 0
github.com/groovarr/groovarr/backend/internal/core/checker.go:258.11,260.26 1 0
github.com/groovarr/groovarr/backend/internal/core/checker.go:260.26,261.19 1 0
github.com/groovarr/groovarr/backend/internal/core/checker.go:261.19,265.6 2 0
github.com/groovarr/groovarr/backend/internal/core/checker.go:265.11,267.6 1 0
github.com/groovarr/groovarr/backend/internal/core/checker.go:268.10,269.18 1 0
github.com/groovarr/groovarr/backend/internal/core/checker.go:269.18,271.56 1 0
github.com/groovarr/groovarr/backend/internal/core/checker.go:271.56,275.7 3 0
github.com/groovarr/groovarr/backend/internal/core/checker.go:281.2,281.8 1 0
github.com/groovarr/groovarr/backend/internal/core/checker.go:284.74,286.27 2 0
github.com/groovarr/groovarr/backend/internal/core/checker.go:286.27,287.65 1 0
github.com/groovarr/groovarr/backend/internal/core/checker.go:287.65,289.4 1 0
github.com/groovarr/groovarr/backend/internal/core/checker.go:291.2,291.12 1 0
github.com/groovarr/groovarr/backend/internal/core/checker.go:294.69,296.27 2 0
github.com/groovarr/groovarr/backend/internal/core/checker.go:296.27,297.16 1 0
github.com/groovarr/groovarr/backend/internal/core/checker.go:297.16,299.4 1 0
github.com/groovarr/groovarr/backend/internal/core/checker.go:301.2,301.10 1 0
github.com/groovarr/groovarr/backend/internal/core/checker.go:304.87,305.32 1 0
github.com/groovarr/groovarr/backend/internal/core/checker.go:305.32,307.3 1 0
github.com/groovarr/groovarr/backend/internal/core/checker.go:308.2,309.30 2 0
github.com/groovarr/groovarr/backend/internal/core/checker.go:309.30,310.44 1 0
github.com/groovarr/groovarr/backend/internal/core/checker.go:310.44,312.4 1 0
github.com/groovarr/groovarr/backend/internal/core/checker.go:314.2,314.30 1 0
github.com/groovarr/groovarr/backend/internal/core/checker.go:314.30,316.67 2 0
github.com/groovarr/groovarr/backend/internal/core/checker.go:316.67,318.4 1 0
github.com/groovarr/groovarr/backend/internal/core/checker.go:320.2,320.12 1 0
github.com/groovarr/groovarr/backend/internal/core/checker.go:323.103,325.18 2 0
github.com/groovarr/groovarr/backend/internal/core/checker.go:325.18,326.63 1 0
github.com/groovarr/groovarr/backend/internal/core/checker.go:326.63,328.4 1 0
github.com/groovarr/groovarr/backend/internal/core/checker.go:331.2,332.16 2 0
github.com/groovarr/groovarr/backend/internal/core/checker.go:332.16,334.3 1 0
github.com/groovarr/groovarr/backend/internal/core/checker.go:335.2,335.16 1 0
github.com/groovarr/groovarr/backend/internal/core/checker.go:335.16,337.3 1 0
github.com/groovarr/groovarr/backend/internal/core/checker.go:338.2,338.17 1 0
github.com/groovarr/groovarr/backend/internal/core/checker.go:341.94,342.25 1 0
github.com/groovarr/groovarr/backend/internal/core/checker.go:342.25,344.36 2 0
github.com/groovarr/groovarr/backend/internal/core/checker.go:344.36,347.4 2 0
github.com/groovarr/groovarr/backend/internal/core/checker.go:348.3,348.65 1 0
github.com/groovarr/groovarr/backend/internal/core/popularity.go:30.84,38.26 3 0
github.com/groovarr/groovarr/backend/internal/core/popularity.go:38.26,39.67 1 0
github.com/groovarr/groovarr/backend/internal/core/popularity.go:39.67,42.34 2 0
github.com/groovarr/groovarr/backend/internal/core/popularity.go:42.34,46.5 2 0
github.com/groovarr/groovarr/backend/internal/core/popularity.go:51.2,52.28 2 0
github.com/groovarr/groovarr/backend/internal/core/popularity.go:52.28,54.17 2 0
github.com/groovarr/groovarr/backend/internal/core/popularity.go:54.17,56.40 2 0
github.com/groovarr/groovarr/backend/internal/core/popularity.go:56.40,58.33 1 0
github.com/groovarr/groovarr/backend/internal/core/popularity.go:58.33,59.29 1 0
github.com/groovarr/groovarr/backend/internal/core/popularity.go:59.29,61.7 1 0
github.com/groovarr/groovarr/backend/internal/core/popularity.go:64.5,64.33 1 0
github.com/groovarr/groovarr/backend/internal/core/popularity.go:64.33,68.6 3 0
github.com/groovarr/groovarr/backend/internal/core/popularity.go:70.5,72.40 2 0
github.com/groovarr/groovarr/backend/internal/core/popularity.go:82.2,82.15 1 0
github.com/groovarr/groovarr/backend/internal/core/popularity.go:87.51,93.15 3 0
github.com/groovarr/groovarr/backend/internal/core/popularity.go:93.15,95.3 1 0
github.com/groovarr/groovarr/backend/internal/core/popularity.go:96.2,100.31 2 0
github.com/groovarr/groovarr/backend/internal/core/popularity.go:100.31,102.3 1 0
github.com/groovarr/groovarr/backend/internal/core/popularity.go:103.2,105.18 2 0
github.com/groovarr/groovarr/backend/internal/core/popularity.go:105.18,108.58 3 0
github.com/groovarr/groovarr/backend/internal/core/popularity.go:108.58,109.12 1 0
github.com/groovarr/groovarr/backend/internal/core/popularity.go:111.3,111.21 1 0
github.com/groovarr/groovarr/backend/internal/core/popularity.go:111.21,113.4 1 0
github.com/groovarr/groovarr/backend/internal/core/popularity.go:115.2,115.15 1 0
github.com/groovarr/groovarr/backend/internal/core/popularity.go:122.66,123.23 1 0
github.com/groovarr/groovarr/backend/internal/core/popularity.go:123.23,125.3 1 0
github.com/groovarr/groovarr/backend/internal/core/popularity.go:127.2,133.15 5 0
github.com/groovarr/groovarr/backend/internal/core/popularity.go:133.15,135.3 1 0
github.com/groovarr/groovarr/backend/internal/core/popularity.go:136.2,136.17 1 0
github.com/groovarr/groovarr/backend/internal/core/popularity.go:136.17,138.3 1 0
github.com/groovarr/groovarr/backend/internal/core/popularity.go:139.2,139.14 1 0
github.com/groovarr/groovarr/backend/internal/core/popularity.go:144.75,148.19 2 0
github.com/groovarr/groovarr/backend/internal/core/popularity.go:148.19,149.51 1 0
github.com/groovarr/groovarr/backend/internal/core/popularity.go:149.51,151.4 1 0
github.com/groovarr/groovarr/backend/internal/core/popularity.go:155.2,155.42 1 0
github.com/groovarr/groovarr/backend/internal/core/popularity.go:155.42,157.3 1 0
github.com/groovarr/groovarr/backend/internal/core/popularity.go:160.2,160.48 1 0
github.com/groovarr/groovarr/backend/internal/core/popularity.go:160.48,161.32 1 0
github.com/groovarr/groovarr/backend/internal/core/popularity.go:161.32,163.4 1 0
github.com/groovarr/groovarr/backend/internal/core/popularity.go:166.2,166.10 1 0
github.com/groovarr/groovarr/backend/internal/core/popularity.go:172.38,176.44 2 0
github.com/groovarr/groovarr/backend/internal/core/popularity.go:176.44,178.3 1 0
github.com/groovarr/groovarr/backend/internal/core/popularity.go:181.2,181.49 1 0
github.com/groovarr/groovarr/backend/internal/core/popularity.go:181.49,183.3 1 0
github.com/groovarr/groovarr/backend/internal/core/popularity.go:186.2,190.29 4 0
github.com/groovarr/groovarr/backend/internal/core/popularity.go:195.35,196.12 1 0
github.com/groovarr/groovarr/backend/internal/core/popularity.go:196.12,198.3 1 0
github.com/groovarr/groovarr/backend/internal/core/popularity.go:200.2,200.30 1 0
github.com/groovarr/groovarr/backend/internal/core/popularity.go:200.30,201.55 1 0
github.com/groovarr/groovarr/backend/internal/core/popularity.go:201.55,203.4 1 0
github.com/groovarr/groovarr/backend/internal/core/popularity.go:205.2,205.14 1 0
github.com/groovarr/groovarr/backend/internal/core/popularity.go:208.43,209.34 1 0
github.com/groovarr/groovarr/backend/internal/core/popularity.go:209.34,211.3 1 0
github.com/groovarr/groovarr/backend/internal/core/popularity.go:212.2,212.42 1 0
github.com/groovarr/groovarr/backend/internal/core/popularity.go:212.42,214.3 1 0
github.com/groovarr/groovarr/backend/internal/core/popularity.go:215.2,215.10 1 0
github.com/groovarr/groovarr/backend/internal/core/popularity.go:219.73,222.2 2 0
github.com/groovarr/groovarr/backend/internal/core/popularity.go:225.25,227.2 1 0
github.com/groovarr/groovarr/backend/internal/core/popularity.go:230.40,232.64 2 0
github.com/groovarr/groovarr/backend/internal/core/popularity.go:232.64,234.3 1 0
github.com/groovarr/groovarr/backend/internal/core/popularity.go:235.2,235.75 1 0
github.com/groovarr/groovarr/backend/internal/core/popularity.go:235.75,237.3 1 0
github.com/groovarr/groovarr/backend/internal/core/popularity.go:238.2,238.17 1 0
github.com/groovarr/groovarr/backend/internal/core/popularity_refresher.go:25.52,27.2 1 0
github.com/groovarr/groovarr/backend/internal/core/popularity_refresher.go:30.39,32.2 1 0
github.com/groovarr/groovarr/backend/internal/core/popularity_refresher.go:35.38,37.2 1 0
github.com/groovarr/groovarr/backend/internal/core/popularity_refresher.go:39.38,44.6 3 0
github.com/groovarr/groovarr/backend/internal/core/popularity_refresher.go:44.6,45.10 1 0
github.com/groovarr/groovarr/backend/internal/core/popularity_refresher.go:46.17,47.10 1 0
github.com/groovarr/groovarr/backend/internal/core/popularity_refresher.go:48.11,48.11 0 0
github.com/groovarr/groovarr/backend/internal/core/popularity_refresher.go:54.3,55.17 2 0
github.com/groovarr/groovarr/backend/internal/core/popularity_refresher.go:55.17,58.12 3 0
github.com/groovarr/groovarr/backend/internal/core/popularity_refresher.go:61.3,61.20 1 0
github.com/groovarr/groovarr/backend/internal/core/popularity_refresher.go:61.20,64.12 2 0
github.com/groovarr/groovarr/backend/internal/core/popularity_refresher.go:67.3,67.26 1 0
github.com/groovarr/groovarr/backend/internal/core/popularity_refresher.go:67.26,68.11 1 0
github.com/groovarr/groovarr/backend/internal/core/popularity_refresher.go:69.18,70.11 1 0
github.com/groovarr/groovarr/backend/internal/core/popularity_refresher.go:71.12,71.12 0 0
github.com/groovarr/groovarr/backend/internal/core/popularity_refresher.go:75.4,77.34 3 0
github.com/groovarr/groovarr/backend/internal/core/popularity_refresher.go:77.34,79.5 1 0
github.com/groovarr/groovarr/backend/internal/core/popularity_refresher.go:82.4,86.32 3 0
github.com/groovarr/groovarr/backend/internal/core/pruner.go:26.84,28.24 2 0
github.com/groovarr/groovarr/backend/internal/core/pruner.go:28.24,30.29 2 0
github.com/groovarr/groovarr/backend/internal/core/pruner.go:30.29,32.4 1 0
github.com/groovarr/groovarr/backend/internal/core/pruner.go:33.3,33.31 1 0
github.com/groovarr/groovarr/backend/internal/core/pruner.go:34.8,37.17 3 0
github.com/groovarr/groovarr/backend/internal/core/pruner.go:37.17,39.4 1 0
github.com/groovarr/groovarr/backend/internal/core/pruner.go:42.2,44.16 3 0
github.com/groovarr/groovarr/backend/internal/core/pruner.go:44.16,46.3 1 0
github.com/groovarr/groovarr/backend/internal/core/pruner.go:48.2,50.33 2 0
github.com/groovarr/groovarr/backend/internal/core/pruner.go:50.33,53.17 2 0
github.com/groovarr/groovarr/backend/internal/core/pruner.go:53.17,55.4 1 0
github.com/groovarr/groovarr/backend/internal/core/pruner.go:56.3,56.23 1 0
github.com/groovarr/groovarr/backend/internal/core/pruner.go:56.23,57.12 1 0
github.com/groovarr/groovarr/backend/internal/core/pruner.go:60.3,60.54 1 0
github.com/groovarr/groovarr/backend/internal/core/pruner.go:60.54,61.12 1 0
github.com/groovarr/groovarr/backend/internal/core/pruner.go:64.3,65.43 2 0
github.com/groovarr/groovarr/backend/internal/core/pruner.go:65.43,66.12 1 0
github.com/groovarr/groovarr/backend/internal/core/pruner.go:69.3,71.35 2 0
github.com/groovarr/groovarr/backend/internal/core/pruner.go:71.35,73.14 2 0
github.com/groovarr/groovarr/backend/internal/core/pruner.go:73.14,74.53 1 0
github.com/groovarr/groovarr/backend/internal/core/pruner.go:74.53,75.14 1 0
github.com/groovarr/groovarr/backend/internal/core/pruner.go:79.4,80.38 2 0
github.com/groovarr/groovarr/backend/internal/core/pruner.go:80.38,81.13 1 0
github.com/groovarr/groovarr/backend/internal/core/pruner.go:84.4,85.28 2 0
github.com/groovarr/groovarr/backend/internal/core/pruner.go:85.28,86.13 1 0
github.com/groovarr/groovarr/backend/internal/core/pruner.go:89.4,90.33 2 0
[...]
github.com/groovarr/groovarr/backend/internal/scheduler/scheduler.go:121.21,123.3 1 0
github.com/groovarr/groovarr/backend/internal/scheduler/scheduler.go:124.2,124.54 1 0
github.com/groovarr/groovarr/backend/internal/scheduler/scheduler.go:127.59,128.23 1 0
github.com/groovarr/groovarr/backend/internal/scheduler/scheduler.go:128.23,130.3 1 0
github.com/groovarr/groovarr/backend/internal/scheduler/scheduler.go:131.2,132.28 2 0
github.com/groovarr/groovarr/backend/internal/scheduler/scheduler.go:132.28,133.20 1 0
github.com/groovarr/groovarr/backend/internal/scheduler/scheduler.go:133.20,135.4 1 0
github.com/groovarr/groovarr/backend/internal/scheduler/scheduler.go:135.9,137.4 1 0
github.com/groovarr/groovarr/backend/internal/scheduler/scheduler.go:139.2,139.61 1 0
github.com/groovarr/groovarr/backend/internal/scheduler/scheduler.go:142.44,143.19 1 0
github.com/groovarr/groovarr/backend/internal/scheduler/scheduler.go:143.19,145.3 1 0
github.com/groovarr/groovarr/backend/internal/scheduler/scheduler.go:146.2,147.32 2 0
github.com/groovarr/groovarr/backend/internal/scheduler/scheduler.go:147.32,149.3 1 0
github.com/groovarr/groovarr/backend/internal/scheduler/scheduler.go:150.2,150.15 1 0
github.com/groovarr/groovarr/backend/internal/frontend/frontend.go:39.36,44.54 2 0
github.com/groovarr/groovarr/backend/internal/frontend/frontend.go:44.54,48.51 2 0
github.com/groovarr/groovarr/backend/internal/frontend/frontend.go:48.51,51.4 2 0
github.com/groovarr/groovarr/backend/internal/frontend/frontend.go:54.3,54.45 1 0
github.com/groovarr/groovarr/backend/internal/frontend/frontend.go:54.45,57.4 2 0
github.com/groovarr/groovarr/backend/internal/frontend/frontend.go:62.3,63.64 2 0
github.com/groovarr/groovarr/backend/internal/frontend/frontend.go:63.64,68.4 4 0
github.com/groovarr/groovarr/backend/internal/frontend/frontend.go:72.3,72.10 1 0
github.com/groovarr/groovarr/backend/internal/frontend/frontend.go:73.20,73.20 0 0
github.com/groovarr/groovarr/backend/internal/frontend/frontend.go:75.39,79.10 3 0
github.com/groovarr/groovarr/backend/internal/frontend/frontend.go:82.3,86.19 4 0
github.com/groovarr/groovarr/backend/internal/frontend/frontend.go:86.19,90.4 3 0
github.com/groovarr/groovarr/backend/internal/frontend/frontend.go:92.3,92.24 1 0
github.com/groovarr/groovarr/backend/internal/frontend/frontend.go:98.28,99.26 1 0
github.com/groovarr/groovarr/backend/internal/frontend/frontend.go:99.26,101.3 1 0
github.com/groovarr/groovarr/backend/internal/frontend/frontend.go:105.50,112.2 6 0
github.com/groovarr/groovarr/backend/internal/frontend/frontend.go:115.47,120.20 5 0
github.com/groovarr/groovarr/backend/internal/frontend/frontend.go:120.20,122.3 1 0
github.com/groovarr/groovarr/backend/internal/frontend/frontend.go:123.2,123.9 1 0
github.com/groovarr/groovarr/backend/internal/frontend/frontend.go:124.19,127.23 3 0
github.com/groovarr/groovarr/backend/internal/frontend/frontend.go:127.23,129.4 1 0
github.com/groovarr/groovarr/backend/internal/frontend/frontend.go:129.9,131.4 1 0
github.com/groovarr/groovarr/backend/internal/frontend/frontend.go:132.3,132.19 1 0
github.com/groovarr/groovarr/backend/internal/frontend/frontend.go:133.10,134.26 1 0
github.com/groovarr/groovarr/backend/internal/frontend/frontend.go:136.2,136.15 1 0
github.com/groovarr/groovarr/backend/internal/frontend/frontend.go:141.23,145.16 3 0
github.com/groovarr/groovarr/backend/internal/frontend/frontend.go:145.16,150.3 4 0
github.com/groovarr/groovarr/backend/internal/frontend/frontend.go:153.2,153.56 1 0
github.com/groovarr/groovarr/backend/internal/frontend/frontend.go:153.56,159.3 5 0
github.com/groovarr/groovarr/backend/internal/frontend/frontend.go:161.2,164.83 2 0
github.com/groovarr/groovarr/backend/internal/frontend/frontend.go:164.83,166.3 1 0
github.com/groovarr/groovarr/backend/internal/frontend/frontend.go:166.8,168.29 2 0
github.com/groovarr/groovarr/backend/internal/frontend/frontend.go:168.29,170.4 1 0
github.com/groovarr/groovarr/backend/internal/frontend/frontend.go:171.3,172.83 2 0
github.com/groovarr/groovarr/backend/internal/frontend/frontend.go:172.83,174.4 1 0
github.com/groovarr/groovarr/backend/internal/frontend/frontend.go:174.9,176.4 1 0
github.com/groovarr/groovarr/backend/internal/frontend/frontend.go:180.2,188.16 6 0
github.com/groovarr/groovarr/backend/internal/frontend/frontend.go:188.16,194.3 5 0
github.com/groovarr/groovarr/backend/internal/frontend/frontend.go:195.2,196.16 2 0
github.com/groovarr/groovarr/backend/internal/frontend/frontend.go:196.16,202.3 5 0
github.com/groovarr/groovarr/backend/internal/frontend/frontend.go:205.2,205.12 1 0
github.com/groovarr/groovarr/backend/internal/frontend/frontend.go:205.12,207.7 2 0
github.com/groovarr/groovarr/backend/internal/frontend/frontend.go:207.7,209.13 2 0
github.com/groovarr/groovarr/backend/internal/frontend/frontend.go:209.13,211.5 1 0
github.com/groovarr/groovarr/backend/internal/frontend/frontend.go:212.4,212.18 1 0
github.com/groovarr/groovarr/backend/internal/frontend/frontend.go:212.18,213.10 1 0
github.com/groovarr/groovarr/backend/internal/frontend/frontend.go:217.2,217.12 1 0
github.com/groovarr/groovarr/backend/internal/frontend/frontend.go:217.12,219.7 2 0
github.com/groovarr/groovarr/backend/internal/frontend/frontend.go:219.7,221.13 2 0
github.com/groovarr/groovarr/backend/internal/frontend/frontend.go:221.13,223.5 1 0
github.com/groovarr/groovarr/backend/internal/frontend/frontend.go:224.4,224.18 1 0
github.com/groovarr/groovarr/backend/internal/frontend/frontend.go:224.18,225.10 1 0
github.com/groovarr/groovarr/backend/internal/frontend/frontend.go:230.2,230.36 1 0
github.com/groovarr/groovarr/backend/internal/frontend/frontend.go:230.36,236.3 5 0
github.com/groovarr/groovarr/backend/internal/frontend/frontend.go:238.2,247.27 4 0
github.com/groovarr/groovarr/backend/internal/frontend/frontend.go:247.27,250.17 3 0
github.com/groovarr/groovarr/backend/internal/frontend/frontend.go:250.17,254.31 2 0
github.com/groovarr/groovarr/backend/internal/frontend/frontend.go:254.31,260.5 5 0
github.com/groovarr/groovarr/backend/internal/frontend/frontend.go:261.4,262.12 2 0
github.com/groovarr/groovarr/backend/internal/frontend/frontend.go:264.3,267.28 4 0
github.com/groovarr/groovarr/backend/internal/frontend/frontend.go:267.28,275.14 7 0
github.com/groovarr/groovarr/backend/internal/frontend/frontend.go:275.14,279.5 3 0
github.com/groovarr/groovarr/backend/internal/frontend/frontend.go:280.4,280.10 1 0
github.com/groovarr/groovarr/backend/internal/frontend/frontend.go:283.3,283.37 1 0
github.com/groovarr/groovarr/backend/internal/frontend/frontend.go:287.2,291.18 5 0
github.com/groovarr/groovarr/backend/internal/frontend/frontend.go:295.51,296.81 1 0
github.com/groovarr/groovarr/backend/internal/frontend/frontend.go:296.81,297.21 1 0
github.com/groovarr/groovarr/backend/internal/frontend/frontend.go:297.21,299.4 1 0
github.com/groovarr/groovarr/backend/internal/frontend/frontend.go:300.3,301.17 2 0
github.com/groovarr/groovarr/backend/internal/frontend/frontend.go:301.17,303.4 1 0
github.com/groovarr/groovarr/backend/internal/frontend/frontend.go:304.3,304.17 1 0
github.com/groovarr/groovarr/backend/internal/frontend/frontend.go:304.17,306.4 1 0
github.com/groovarr/groovarr/backend/internal/frontend/frontend.go:307.3,308.16 2 0
github.com/groovarr/groovarr/backend/internal/frontend/frontend.go:308.16,310.4 1 0
github.com/groovarr/groovarr/backend/internal/frontend/frontend.go:311.3,312.17 2 0
github.com/groovarr/groovarr/backend/internal/frontend/frontend.go:312.17,314.4 1 0
github.com/groovarr/groovarr/backend/internal/frontend/frontend.go:315.3,315.44 1 0
github.com/groovarr/groovarr/backend/internal/frontend/frontend.go:320.45,321.37 1 0
github.com/groovarr/groovarr/backend/internal/frontend/frontend.go:321.37,323.3 1 0
github.com/groovarr/groovarr/backend/internal/frontend/frontend.go:324.2,325.49 2 0
github.com/groovarr/groovarr/backend/internal/frontend/frontend.go:325.49,327.22 2 0
github.com/groovarr/groovarr/backend/internal/frontend/frontend.go:327.22,329.4 1 0
github.com/groovarr/groovarr/backend/internal/frontend/frontend.go:331.2,333.49 3 0
github.com/groovarr/groovarr/backend/internal/frontend/frontend.go:333.49,335.3 1 0
github.com/groovarr/groovarr/backend/internal/frontend/frontend.go:336.2,336.16 1 0
github.com/groovarr/groovarr/backend/internal/frontend/frontend.go:340.79,346.26 4 0
github.com/groovarr/groovarr/backend/internal/frontend/frontend.go:346.26,347.57 1 0
github.com/groovarr/groovarr/backend/internal/frontend/frontend.go:347.57,352.4 4 0
github.com/groovarr/groovarr/backend/internal/frontend/frontend.go:354.2,354.21 1 0
github.com/groovarr/groovarr/backend/internal/frontend/frontend.go:358.79,361.16 3 0
github.com/groovarr/groovarr/backend/internal/frontend/frontend.go:361.16,364.3 2 0
github.com/groovarr/groovarr/backend/internal/frontend/frontend.go:365.2,366.18 2 0
github.com/groovarr/groovarr/backend/internal/frontend/frontend.go:370.40,374.2 3 0
github.com/groovarr/groovarr/backend/internal/frontend/frontend.go:377.61,379.13 2 0
github.com/groovarr/groovarr/backend/internal/frontend/frontend.go:380.23,381.61 1 0
github.com/groovarr/groovarr/backend/internal/frontend/frontend.go:382.21,383.59 1 0
github.com/groovarr/groovarr/backend/internal/frontend/frontend.go:384.14,385.45 1 0
github.com/groovarr/groovarr/backend/internal/frontend/frontend.go:386.15,387.53 1 0
github.com/groovarr/groovarr/backend/internal/frontend/frontend.go:388.14,389.46 1 0
github.com/groovarr/groovarr/backend/internal/frontend/frontend.go:390.23,391.47 1 0
github.com/groovarr/groovarr/backend/internal/frontend/frontend.go:392.14,393.50 1 0
github.com/groovarr/groovarr/backend/internal/frontend/frontend.go:394.14,395.49 1 0
github.com/groovarr/groovarr/backend/internal/frontend/frontend.go:396.15,397.46 1 0
github.com/groovarr/groovarr/backend/internal/frontend/frontend.go:398.16,399.47 1 0
github.com/groovarr/groovarr/backend/internal/frontend/frontend.go:400.14,401.45 1 0
github.com/groovarr/groovarr/backend/internal/frontend/frontend.go:402.14,403.47 1 0
github.com/groovarr/groovarr/backend/internal/frontend/frontend.go:404.10,405.61 1 0
github.com/groovarr/groovarr/backend/internal/store/store.go:15.22,17.2 1 0
github.com/groovarr/groovarr/backend/internal/store/store.go:19.32,22.16 3 0
github.com/groovarr/groovarr/backend/internal/store/store.go:22.16,24.3 1 0
github.com/groovarr/groovarr/backend/internal/store/store.go:25.2,27.34 2 0
github.com/groovarr/groovarr/backend/internal/store/store.go:27.34,29.3 1 0
github.com/groovarr/groovarr/backend/internal/store/store.go:32.2,32.31 1 0
github.com/groovarr/groovarr/backend/internal/store/store.go:32.31,33.39 1 0
github.com/groovarr/groovarr/backend/internal/store/store.go:33.39,37.63 1 0
github.com/groovarr/groovarr/backend/internal/store/store.go:37.63,39.5 1 0
github.com/groovarr/groovarr/backend/internal/store/store.go:43.2,43.12 1 0
github.com/groovarr/groovarr/backend/internal/store/store.go:47.20,48.15 1 0
github.com/groovarr/groovarr/backend/internal/store/store.go:48.15,50.3 1 0
github.com/groovarr/groovarr/backend/internal/store/store.go:51.2,51.12 1 0
github.com/groovarr/groovarr/backend/internal/store/store.go:179.98,184.16 2 0
github.com/groovarr/groovarr/backend/internal/store/store.go:184.16,186.3 1 0
github.com/groovarr/groovarr/backend/internal/store/store.go:187.2,188.16 2 0
github.com/groovarr/groovarr/backend/internal/store/store.go:188.16,190.3 1 0
github.com/groovarr/groovarr/backend/internal/store/store.go:191.2,191.16 1 0
github.com/groovarr/groovarr/backend/internal/store/store.go:196.46,205.16 6 0
github.com/groovarr/groovarr/backend/internal/store/store.go:205.16,207.3 1 0
github.com/groovarr/groovarr/backend/internal/store/store.go:208.2,210.16 3 0
github.com/groovarr/groovarr/backend/internal/store/store.go:215.47,224.16 6 0
github.com/groovarr/groovarr/backend/internal/store/store.go:224.16,226.3 1 0
github.com/groovarr/groovarr/backend/internal/store/store.go:227.2,229.16 3 0
github.com/groovarr/groovarr/backend/internal/store/store.go:233.38,237.16 2 0
github.com/groovarr/groovarr/backend/internal/store/store.go:237.16,239.3 1 0
github.com/groovarr/groovarr/backend/internal/store/store.go:240.2,243.18 3 0
github.com/groovarr/groovarr/backend/internal/store/store.go:243.18,247.126 4 0
github.com/groovarr/groovarr/backend/internal/store/store.go:247.126,249.4 1 0
github.com/groovarr/groovarr/backend/internal/store/store.go:250.3,252.32 3 0
github.com/groovarr/groovarr/backend/internal/store/store.go:254.2,254.28 1 0
github.com/groovarr/groovarr/backend/internal/store/store.go:258.35,261.2 2 0
github.com/groovarr/groovarr/backend/internal/store/store.go:264.56,267.2 2 0
github.com/groovarr/groovarr/backend/internal/store/store.go:270.62,273.2 2 0
github.com/groovarr/groovarr/backend/internal/store/store.go:276.40,279.2 2 0
github.com/groovarr/groovarr/backend/internal/store/store.go:283.68,288.16 2 0
github.com/groovarr/groovarr/backend/internal/store/store.go:288.16,290.3 1 0
github.com/groovarr/groovarr/backend/internal/store/store.go:291.2,294.18 3 0
github.com/groovarr/groovarr/backend/internal/store/store.go:294.18,297.59 3 0
github.com/groovarr/groovarr/backend/internal/store/store.go:297.59,299.4 1 0
github.com/groovarr/groovarr/backend/internal/store/store.go:300.3,300.31 1 0
github.com/groovarr/groovarr/backend/internal/store/store.go:302.2,302.26 1 0
github.com/groovarr/groovarr/backend/internal/store/store.go:306.78,311.16 2 0
github.com/groovarr/groovarr/backend/internal/store/store.go:311.16,313.3 1 0
github.com/groovarr/groovarr/backend/internal/store/store.go:314.2,317.18 3 0
github.com/groovarr/groovarr/backend/internal/store/store.go:317.18,319.82 2 0
github.com/groovarr/groovarr/backend/internal/store/store.go:319.82,321.4 1 0
github.com/groovarr/groovarr/backend/internal/store/store.go:322.3,322.28 1 0
github.com/groovarr/groovarr/backend/internal/store/store.go:324.2,324.26 1 0
github.com/groovarr/groovarr/backend/internal/store/store.go:328.72,335.16 4 0
github.com/groovarr/groovarr/backend/internal/store/store.go:335.16,336.27 1 0
github.com/groovarr/groovarr/backend/internal/store/store.go:336.27,338.4 1 0
github.com/groovarr/groovarr/backend/internal/store/store.go:339.3,339.17 1 0
github.com/groovarr/groovarr/backend/internal/store/store.go:341.2,341.19 1 0
github.com/groovarr/groovarr/backend/internal/store/store.go:345.96,354.2 2 0
github.com/groovarr/groovarr/backend/internal/store/store.go:357.65,363.2 2 0
github.com/groovarr/groovarr/backend/internal/store/store.go:366.97,372.2 2 0
github.com/groovarr/groovarr/backend/internal/store/store.go:375.67,382.16 2 0
github.com/groovarr/groovarr/backend/internal/store/store.go:382.16,384.3 1 0
github.com/groovarr/groovarr/backend/internal/store/store.go:385.2,388.18 3 0
github.com/groovarr/groovarr/backend/internal/store/store.go:388.18,391.117 3 0
github.com/groovarr/groovarr/backend/internal/store/store.go:391.117,392.12 1 0
github.com/groovarr/groovarr/backend/internal/store/store.go:394.3,402.5 1 0
github.com/groovarr/groovarr/backend/internal/store/store.go:404.2,404.25 1 0
github.com/groovarr/groovarr/backend/internal/store/store.go:408.88,415.2 2 0
github.com/groovarr/groovarr/backend/internal/store/store.go:418.104,425.2 2 0
github.com/groovarr/groovarr/backend/internal/store/store.go:428.93,437.2 2 0
github.com/groovarr/groovarr/backend/internal/store/store.go:440.68,445.16 2 0
github.com/groovarr/groovarr/backend/internal/store/store.go:445.16,447.3 1 0
github.com/groovarr/groovarr/backend/internal/store/store.go:448.2,451.18 3 0
github.com/groovarr/groovarr/backend/internal/store/store.go:451.18,453.99 2 0
github.com/groovarr/groovarr/backend/internal/store/store.go:453.99,455.4 1 0
github.com/groovarr/groovarr/backend/internal/store/store.go:456.3,456.26 1 0
github.com/groovarr/groovarr/backend/internal/store/store.go:458.2,458.25 1 0
github.com/groovarr/groovarr/backend/internal/store/store.go:463.103,469.26 3 0
github.com/groovarr/groovarr/backend/internal/store/store.go:469.26,471.3 1 0
github.com/groovarr/groovarr/backend/internal/store/store.go:472.2,472.16 1 0
github.com/groovarr/groovarr/backend/internal/store/store.go:472.16,474.3 1 0
github.com/groovarr/groovarr/backend/internal/store/store.go:475.2,475.39 1 0
github.com/groovarr/groovarr/backend/internal/store/store.go:479.98,489.2 2 0
github.com/groovarr/groovarr/backend/internal/store/store.go:493.81,503.16 3 0
github.com/groovarr/groovarr/backend/internal/store/store.go:503.16,505.3 1 0
github.com/groovarr/groovarr/backend/internal/store/store.go:506.2,509.18 4 0
github.com/groovarr/groovarr/backend/internal/store/store.go:509.18,512.47 3 0
github.com/groovarr/groovarr/backend/internal/store/store.go:512.47,514.4 1 0
github.com/groovarr/groovarr/backend/internal/store/store.go:515.3,516.30 2 0
github.com/groovarr/groovarr/backend/internal/store/store.go:518.2,518.31 1 0
github.com/groovarr/groovarr/backend/internal/store/store.go:522.51,525.2 2 0
github.com/groovarr/groovarr/backend/internal/store/store.go:528.112,535.2 2 0
github.com/groovarr/groovarr/backend/internal/store/store.go:538.70,544.16 2 0
github.com/groovarr/groovarr/backend/internal/store/store.go:544.16,546.3 1 0
github.com/groovarr/groovarr/backend/internal/store/store.go:547.2,550.18 3 0
github.com/groovarr/groovarr/backend/internal/store/store.go:550.18,553.131 3 0
github.com/groovarr/groovarr/backend/internal/store/store.go:553.131,555.4 1 0
github.com/groovarr/groovarr/backend/internal/store/store.go:556.3,557.35 2 0
github.com/groovarr/groovarr/backend/internal/store/store.go:559.2,559.28 1 0
github.com/groovarr/groovarr/backend/internal/store/store.go:563.81,569.2 2 0
github.com/groovarr/groovarr/backend/internal/store/store.go:572.81,578.2 2 0
github.com/groovarr/groovarr/backend/internal/store/store.go:581.85,587.16 3 0
github.com/groovarr/groovarr/backend/internal/store/store.go:587.16,589.3 1 0
github.com/groovarr/groovarr/backend/internal/store/store.go:590.2,590.24 1 0
github.com/groovarr/groovarr/backend/internal/store/store.go:594.75,599.16 2 0
github.com/groovarr/groovarr/backend/internal/store/store.go:599.16,601.3 1 0
github.com/groovarr/groovarr/backend/internal/store/store.go:602.2,605.18 3 0
github.com/groovarr/groovarr/backend/internal/store/store.go:605.18,607.43 2 0
github.com/groovarr/groovarr/backend/internal/store/store.go:607.43,609.4 1 0
github.com/groovarr/groovarr/backend/internal/store/store.go:610.3,610.33 1 0
github.com/groovarr/groovarr/backend/internal/store/store.go:612.2,612.27 1 0
github.com/groovarr/groovarr/backend/internal/store/store.go:616.85,622.2 2 0
github.com/groovarr/groovarr/backend/internal/store/store.go:625.85,631.2 2 0
github.com/groovarr/groovarr/backend/internal/store/store.go:634.59,639.16 2 0
github.com/groovarr/groovarr/backend/internal/store/store.go:639.16,641.3 1 0
github.com/groovarr/groovarr/backend/internal/store/store.go:642.2,645.18 3 0
github.com/groovarr/groovarr/backend/internal/store/store.go:645.18,647.43 2 0
github.com/groovarr/groovarr/backend/internal/store/store.go:647.43,649.4 1 0
github.com/groovarr/groovarr/backend/internal/store/store.go:650.3,650.33 1 0
github.com/groovarr/groovarr/backend/internal/store/store.go:652.2,652.27 1 0
github.com/groovarr/groovarr/backend/internal/store/store.go:657.45,661.16 4 0
github.com/groovarr/groovarr/backend/internal/store/store.go:661.16,662.27 1 0
github.com/groovarr/groovarr/backend/internal/store/store.go:662.27,664.4 1 0
github.com/groovarr/groovarr/backend/internal/store/store.go:665.3,665.17 1 0
github.com/groovarr/groovarr/backend/internal/store/store.go:667.2,667.19 1 0
github.com/groovarr/groovarr/backend/internal/store/store.go:671.45,677.2 2 0
github.com/groovarr/groovarr/backend/internal/store/store.go:680.91,684.2 2 0
github.com/groovarr/groovarr/backend/internal/store/store.go:687.71,690.2 2 0
